{
  "stats": {
    "suites": 2,
    "tests": 18,
    "passes": 18,
    "pending": 0,
    "failures": 0,
    "start": "2022-08-26T10:56:11.634Z",
    "end": "2022-08-26T10:57:39.635Z",
    "duration": 168097,
    "testsRegistered": 18,
    "passPercent": 100,
    "pendingPercent": 0,
    "other": 0,
    "hasOther": false,
    "skipped": 0,
    "hasSkipped": false
  },
  "results": [
    {
      "uuid": "5ea30e28-0a7a-40e7-9ba7-52ddb33b43f5",
      "title": "",
      "fullFile": "cypress/e2e/features/W3HealthCheck.feature",
      "file": "cypress/e2e/features/W3HealthCheck.feature",
      "beforeHooks": [],
      "afterHooks": [],
      "tests": [],
      "suites": [
        {
          "uuid": "befbf901-7f42-448b-b6ee-efef43aed0f0",
          "title": "Health Checks",
          "fullFile": "",
          "file": "",
          "beforeHooks": [],
          "afterHooks": [],
          "tests": [
            {
              "title": "Checks there are no console errors on page loads (example #1)",
              "fullTitle": "Health Checks Checks there are no console errors on page loads (example #1)",
              "timedOut": null,
              "duration": 2517,
              "state": "passed",
              "speed": "fast",
              "pass": true,
              "fail": false,
              "pending": false,
              "context": null,
              "code": "var _a2, _b, _c, _d, _e;\nconst { remainingSteps, testCaseStartedId } = retrieveInternalProperties();\n(0, registry_1.assignRegistry)(registry2);\nmessages.stack.push({\n  testCaseStarted: {\n    id: testCaseStartedId,\n    testCaseId,\n    attempt: attempt++,\n    timestamp: createTimestamp()\n  }\n});\nwindow.testState = {\n  gherkinDocument,\n  pickles,\n  pickle\n};\nfor (const step of steps) {\n  if (step.hook) {\n    delete window.testState.pickleStep;\n    const hook = step.hook;\n    cy.then(() => {\n      Cypress.log({\n        name: \"step\",\n        displayName: hook.keyword,\n        message: \"\"\n      });\n      const start = createTimestamp();\n      messages.stack.push({\n        testStepStarted: {\n          testStepId: hook.id,\n          testCaseStartedId,\n          timestamp: start\n        }\n      });\n      if (messages.enabled) {\n        cy.task(constants_1.TASK_TEST_STEP_STARTED, hook.id, { log: false });\n      }\n      return cy.wrap(start, { log: false });\n    }).then((start) => {\n      registry2.runHook(this, hook);\n      return cy.wrap(start, { log: false });\n    }).then((start) => {\n      const end = createTimestamp();\n      messages.stack.push({\n        testStepFinished: {\n          testStepId: hook.id,\n          testCaseStartedId,\n          testStepResult: {\n            status: Status.Passed,\n            duration: duration(start, end)\n          },\n          timestamp: end\n        }\n      });\n      remainingSteps.shift();\n    });\n  } else if (step.pickleStep) {\n    window.testState.pickleStep = step.pickleStep;\n    const pickleStep = step.pickleStep;\n    const text = (0, assertions_1.assertAndReturn)(pickleStep.text, \"Expected pickle step to have a text\");\n    const scenarioStep = (0, assertions_1.assertAndReturn)(astIdMap.get((0, assertions_1.assertAndReturn)((_a2 = pickleStep.astNodeIds) === null || _a2 === void 0 ? void 0 : _a2[0], \"Expected to find at least one astNodeId\")), `Expected to find scenario step associated with id = ${(_b = pickleStep.astNodeIds) === null || _b === void 0 ? void 0 : _b[0]}`);\n    cy.then(() => {\n      Cypress.log({\n        name: \"step\",\n        displayName: (0, assertions_1.assertAndReturn)(\"keyword\" in scenarioStep && scenarioStep.keyword, \"Expected to find a keyword in the scenario step\"),\n        message: text\n      });\n    });\n    const argument = ((_c = pickleStep.argument) === null || _c === void 0 ? void 0 : _c.dataTable) ? new data_table_1.default(pickleStep.argument.dataTable) : ((_e = (_d = pickleStep.argument) === null || _d === void 0 ? void 0 : _d.docString) === null || _e === void 0 ? void 0 : _e.content) ? pickleStep.argument.docString.content : void 0;\n    cy.then(() => {\n      internalProperties.currentStep = { pickleStep };\n      const start = createTimestamp();\n      messages.stack.push({\n        testStepStarted: {\n          testStepId: pickleStep.id,\n          testCaseStartedId,\n          timestamp: start\n        }\n      });\n      if (messages.enabled) {\n        cy.task(constants_1.TASK_TEST_STEP_STARTED, pickleStep.id, { log: false });\n      }\n      return cy.wrap(start, { log: false });\n    }).then((start) => {\n      const ensureChain = (value) => Cypress.isCy(value) ? value : cy.wrap(value, { log: false });\n      try {\n        return ensureChain(registry2.runStepDefininition(this, text, argument)).then((result) => {\n          return {\n            start,\n            result\n          };\n        });\n      } catch (e) {\n        if (e instanceof registry_1.MissingDefinitionError) {\n          throw new Error(createMissingStepDefinitionMessage(context, text));\n        } else {\n          throw e;\n        }\n      }\n    }).then(({ start, result }) => {\n      var _a3, _b2, _c2;\n      const end = createTimestamp();\n      if (result === \"pending\") {\n        messages.stack.push({\n          testStepFinished: {\n            testStepId: pickleStep.id,\n            testCaseStartedId,\n            testStepResult: {\n              status: Status.Pending,\n              duration: duration(start, end)\n            },\n            timestamp: end\n          }\n        });\n        remainingSteps.shift();\n        for (const skippedStep of remainingSteps) {\n          const testStepId = (0, assertions_1.assertAndReturn)((_b2 = (_a3 = skippedStep.hook) === null || _a3 === void 0 ? void 0 : _a3.id) !== null && _b2 !== void 0 ? _b2 : (_c2 = skippedStep.pickleStep) === null || _c2 === void 0 ? void 0 : _c2.id, \"Expected a step to either be a hook or a pickleStep\");\n          messages.stack.push({\n            testStepStarted: {\n              testStepId,\n              testCaseStartedId,\n              timestamp: createTimestamp()\n            }\n          });\n          messages.stack.push({\n            testStepFinished: {\n              testStepId,\n              testCaseStartedId,\n              testStepResult: {\n                status: Status.Skipped,\n                duration: {\n                  seconds: 0,\n                  nanos: 0\n                }\n              },\n              timestamp: createTimestamp()\n            }\n          });\n        }\n        for (let i = 0, count = remainingSteps.length; i < count; i++) {\n          remainingSteps.pop();\n        }\n        this.skip();\n      } else {\n        messages.stack.push({\n          testStepFinished: {\n            testStepId: pickleStep.id,\n            testCaseStartedId,\n            testStepResult: {\n              status: Status.Passed,\n              duration: duration(start, end)\n            },\n            timestamp: end\n          }\n        });\n        remainingSteps.shift();\n      }\n    });\n  }\n}",
              "err": {},
              "uuid": "11d22323-15ad-431f-922f-09b5cde17095",
              "parentUUID": "befbf901-7f42-448b-b6ee-efef43aed0f0",
              "isHook": false,
              "skipped": false
            },
            {
              "title": "Checks there are no console errors on page loads (example #2)",
              "fullTitle": "Health Checks Checks there are no console errors on page loads (example #2)",
              "timedOut": null,
              "duration": 1039,
              "state": "passed",
              "speed": "fast",
              "pass": true,
              "fail": false,
              "pending": false,
              "context": null,
              "code": "var _a2, _b, _c, _d, _e;\nconst { remainingSteps, testCaseStartedId } = retrieveInternalProperties();\n(0, registry_1.assignRegistry)(registry2);\nmessages.stack.push({\n  testCaseStarted: {\n    id: testCaseStartedId,\n    testCaseId,\n    attempt: attempt++,\n    timestamp: createTimestamp()\n  }\n});\nwindow.testState = {\n  gherkinDocument,\n  pickles,\n  pickle\n};\nfor (const step of steps) {\n  if (step.hook) {\n    delete window.testState.pickleStep;\n    const hook = step.hook;\n    cy.then(() => {\n      Cypress.log({\n        name: \"step\",\n        displayName: hook.keyword,\n        message: \"\"\n      });\n      const start = createTimestamp();\n      messages.stack.push({\n        testStepStarted: {\n          testStepId: hook.id,\n          testCaseStartedId,\n          timestamp: start\n        }\n      });\n      if (messages.enabled) {\n        cy.task(constants_1.TASK_TEST_STEP_STARTED, hook.id, { log: false });\n      }\n      return cy.wrap(start, { log: false });\n    }).then((start) => {\n      registry2.runHook(this, hook);\n      return cy.wrap(start, { log: false });\n    }).then((start) => {\n      const end = createTimestamp();\n      messages.stack.push({\n        testStepFinished: {\n          testStepId: hook.id,\n          testCaseStartedId,\n          testStepResult: {\n            status: Status.Passed,\n            duration: duration(start, end)\n          },\n          timestamp: end\n        }\n      });\n      remainingSteps.shift();\n    });\n  } else if (step.pickleStep) {\n    window.testState.pickleStep = step.pickleStep;\n    const pickleStep = step.pickleStep;\n    const text = (0, assertions_1.assertAndReturn)(pickleStep.text, \"Expected pickle step to have a text\");\n    const scenarioStep = (0, assertions_1.assertAndReturn)(astIdMap.get((0, assertions_1.assertAndReturn)((_a2 = pickleStep.astNodeIds) === null || _a2 === void 0 ? void 0 : _a2[0], \"Expected to find at least one astNodeId\")), `Expected to find scenario step associated with id = ${(_b = pickleStep.astNodeIds) === null || _b === void 0 ? void 0 : _b[0]}`);\n    cy.then(() => {\n      Cypress.log({\n        name: \"step\",\n        displayName: (0, assertions_1.assertAndReturn)(\"keyword\" in scenarioStep && scenarioStep.keyword, \"Expected to find a keyword in the scenario step\"),\n        message: text\n      });\n    });\n    const argument = ((_c = pickleStep.argument) === null || _c === void 0 ? void 0 : _c.dataTable) ? new data_table_1.default(pickleStep.argument.dataTable) : ((_e = (_d = pickleStep.argument) === null || _d === void 0 ? void 0 : _d.docString) === null || _e === void 0 ? void 0 : _e.content) ? pickleStep.argument.docString.content : void 0;\n    cy.then(() => {\n      internalProperties.currentStep = { pickleStep };\n      const start = createTimestamp();\n      messages.stack.push({\n        testStepStarted: {\n          testStepId: pickleStep.id,\n          testCaseStartedId,\n          timestamp: start\n        }\n      });\n      if (messages.enabled) {\n        cy.task(constants_1.TASK_TEST_STEP_STARTED, pickleStep.id, { log: false });\n      }\n      return cy.wrap(start, { log: false });\n    }).then((start) => {\n      const ensureChain = (value) => Cypress.isCy(value) ? value : cy.wrap(value, { log: false });\n      try {\n        return ensureChain(registry2.runStepDefininition(this, text, argument)).then((result) => {\n          return {\n            start,\n            result\n          };\n        });\n      } catch (e) {\n        if (e instanceof registry_1.MissingDefinitionError) {\n          throw new Error(createMissingStepDefinitionMessage(context, text));\n        } else {\n          throw e;\n        }\n      }\n    }).then(({ start, result }) => {\n      var _a3, _b2, _c2;\n      const end = createTimestamp();\n      if (result === \"pending\") {\n        messages.stack.push({\n          testStepFinished: {\n            testStepId: pickleStep.id,\n            testCaseStartedId,\n            testStepResult: {\n              status: Status.Pending,\n              duration: duration(start, end)\n            },\n            timestamp: end\n          }\n        });\n        remainingSteps.shift();\n        for (const skippedStep of remainingSteps) {\n          const testStepId = (0, assertions_1.assertAndReturn)((_b2 = (_a3 = skippedStep.hook) === null || _a3 === void 0 ? void 0 : _a3.id) !== null && _b2 !== void 0 ? _b2 : (_c2 = skippedStep.pickleStep) === null || _c2 === void 0 ? void 0 : _c2.id, \"Expected a step to either be a hook or a pickleStep\");\n          messages.stack.push({\n            testStepStarted: {\n              testStepId,\n              testCaseStartedId,\n              timestamp: createTimestamp()\n            }\n          });\n          messages.stack.push({\n            testStepFinished: {\n              testStepId,\n              testCaseStartedId,\n              testStepResult: {\n                status: Status.Skipped,\n                duration: {\n                  seconds: 0,\n                  nanos: 0\n                }\n              },\n              timestamp: createTimestamp()\n            }\n          });\n        }\n        for (let i = 0, count = remainingSteps.length; i < count; i++) {\n          remainingSteps.pop();\n        }\n        this.skip();\n      } else {\n        messages.stack.push({\n          testStepFinished: {\n            testStepId: pickleStep.id,\n            testCaseStartedId,\n            testStepResult: {\n              status: Status.Passed,\n              duration: duration(start, end)\n            },\n            timestamp: end\n          }\n        });\n        remainingSteps.shift();\n      }\n    });\n  }\n}",
              "err": {},
              "uuid": "a166afe8-2e8f-41cd-8332-11a088cef0e9",
              "parentUUID": "befbf901-7f42-448b-b6ee-efef43aed0f0",
              "isHook": false,
              "skipped": false
            },
            {
              "title": "Checks there are no console errors on page loads (example #3)",
              "fullTitle": "Health Checks Checks there are no console errors on page loads (example #3)",
              "timedOut": null,
              "duration": 866,
              "state": "passed",
              "speed": "fast",
              "pass": true,
              "fail": false,
              "pending": false,
              "context": null,
              "code": "var _a2, _b, _c, _d, _e;\nconst { remainingSteps, testCaseStartedId } = retrieveInternalProperties();\n(0, registry_1.assignRegistry)(registry2);\nmessages.stack.push({\n  testCaseStarted: {\n    id: testCaseStartedId,\n    testCaseId,\n    attempt: attempt++,\n    timestamp: createTimestamp()\n  }\n});\nwindow.testState = {\n  gherkinDocument,\n  pickles,\n  pickle\n};\nfor (const step of steps) {\n  if (step.hook) {\n    delete window.testState.pickleStep;\n    const hook = step.hook;\n    cy.then(() => {\n      Cypress.log({\n        name: \"step\",\n        displayName: hook.keyword,\n        message: \"\"\n      });\n      const start = createTimestamp();\n      messages.stack.push({\n        testStepStarted: {\n          testStepId: hook.id,\n          testCaseStartedId,\n          timestamp: start\n        }\n      });\n      if (messages.enabled) {\n        cy.task(constants_1.TASK_TEST_STEP_STARTED, hook.id, { log: false });\n      }\n      return cy.wrap(start, { log: false });\n    }).then((start) => {\n      registry2.runHook(this, hook);\n      return cy.wrap(start, { log: false });\n    }).then((start) => {\n      const end = createTimestamp();\n      messages.stack.push({\n        testStepFinished: {\n          testStepId: hook.id,\n          testCaseStartedId,\n          testStepResult: {\n            status: Status.Passed,\n            duration: duration(start, end)\n          },\n          timestamp: end\n        }\n      });\n      remainingSteps.shift();\n    });\n  } else if (step.pickleStep) {\n    window.testState.pickleStep = step.pickleStep;\n    const pickleStep = step.pickleStep;\n    const text = (0, assertions_1.assertAndReturn)(pickleStep.text, \"Expected pickle step to have a text\");\n    const scenarioStep = (0, assertions_1.assertAndReturn)(astIdMap.get((0, assertions_1.assertAndReturn)((_a2 = pickleStep.astNodeIds) === null || _a2 === void 0 ? void 0 : _a2[0], \"Expected to find at least one astNodeId\")), `Expected to find scenario step associated with id = ${(_b = pickleStep.astNodeIds) === null || _b === void 0 ? void 0 : _b[0]}`);\n    cy.then(() => {\n      Cypress.log({\n        name: \"step\",\n        displayName: (0, assertions_1.assertAndReturn)(\"keyword\" in scenarioStep && scenarioStep.keyword, \"Expected to find a keyword in the scenario step\"),\n        message: text\n      });\n    });\n    const argument = ((_c = pickleStep.argument) === null || _c === void 0 ? void 0 : _c.dataTable) ? new data_table_1.default(pickleStep.argument.dataTable) : ((_e = (_d = pickleStep.argument) === null || _d === void 0 ? void 0 : _d.docString) === null || _e === void 0 ? void 0 : _e.content) ? pickleStep.argument.docString.content : void 0;\n    cy.then(() => {\n      internalProperties.currentStep = { pickleStep };\n      const start = createTimestamp();\n      messages.stack.push({\n        testStepStarted: {\n          testStepId: pickleStep.id,\n          testCaseStartedId,\n          timestamp: start\n        }\n      });\n      if (messages.enabled) {\n        cy.task(constants_1.TASK_TEST_STEP_STARTED, pickleStep.id, { log: false });\n      }\n      return cy.wrap(start, { log: false });\n    }).then((start) => {\n      const ensureChain = (value) => Cypress.isCy(value) ? value : cy.wrap(value, { log: false });\n      try {\n        return ensureChain(registry2.runStepDefininition(this, text, argument)).then((result) => {\n          return {\n            start,\n            result\n          };\n        });\n      } catch (e) {\n        if (e instanceof registry_1.MissingDefinitionError) {\n          throw new Error(createMissingStepDefinitionMessage(context, text));\n        } else {\n          throw e;\n        }\n      }\n    }).then(({ start, result }) => {\n      var _a3, _b2, _c2;\n      const end = createTimestamp();\n      if (result === \"pending\") {\n        messages.stack.push({\n          testStepFinished: {\n            testStepId: pickleStep.id,\n            testCaseStartedId,\n            testStepResult: {\n              status: Status.Pending,\n              duration: duration(start, end)\n            },\n            timestamp: end\n          }\n        });\n        remainingSteps.shift();\n        for (const skippedStep of remainingSteps) {\n          const testStepId = (0, assertions_1.assertAndReturn)((_b2 = (_a3 = skippedStep.hook) === null || _a3 === void 0 ? void 0 : _a3.id) !== null && _b2 !== void 0 ? _b2 : (_c2 = skippedStep.pickleStep) === null || _c2 === void 0 ? void 0 : _c2.id, \"Expected a step to either be a hook or a pickleStep\");\n          messages.stack.push({\n            testStepStarted: {\n              testStepId,\n              testCaseStartedId,\n              timestamp: createTimestamp()\n            }\n          });\n          messages.stack.push({\n            testStepFinished: {\n              testStepId,\n              testCaseStartedId,\n              testStepResult: {\n                status: Status.Skipped,\n                duration: {\n                  seconds: 0,\n                  nanos: 0\n                }\n              },\n              timestamp: createTimestamp()\n            }\n          });\n        }\n        for (let i = 0, count = remainingSteps.length; i < count; i++) {\n          remainingSteps.pop();\n        }\n        this.skip();\n      } else {\n        messages.stack.push({\n          testStepFinished: {\n            testStepId: pickleStep.id,\n            testCaseStartedId,\n            testStepResult: {\n              status: Status.Passed,\n              duration: duration(start, end)\n            },\n            timestamp: end\n          }\n        });\n        remainingSteps.shift();\n      }\n    });\n  }\n}",
              "err": {},
              "uuid": "8b3caa33-c02b-4bb3-a98d-0fe6752cb6b1",
              "parentUUID": "befbf901-7f42-448b-b6ee-efef43aed0f0",
              "isHook": false,
              "skipped": false
            },
            {
              "title": "Validates the response code from the page (example #1)",
              "fullTitle": "Health Checks Validates the response code from the page (example #1)",
              "timedOut": null,
              "duration": 1287,
              "state": "passed",
              "speed": "fast",
              "pass": true,
              "fail": false,
              "pending": false,
              "context": null,
              "code": "var _a2, _b, _c, _d, _e;\nconst { remainingSteps, testCaseStartedId } = retrieveInternalProperties();\n(0, registry_1.assignRegistry)(registry2);\nmessages.stack.push({\n  testCaseStarted: {\n    id: testCaseStartedId,\n    testCaseId,\n    attempt: attempt++,\n    timestamp: createTimestamp()\n  }\n});\nwindow.testState = {\n  gherkinDocument,\n  pickles,\n  pickle\n};\nfor (const step of steps) {\n  if (step.hook) {\n    delete window.testState.pickleStep;\n    const hook = step.hook;\n    cy.then(() => {\n      Cypress.log({\n        name: \"step\",\n        displayName: hook.keyword,\n        message: \"\"\n      });\n      const start = createTimestamp();\n      messages.stack.push({\n        testStepStarted: {\n          testStepId: hook.id,\n          testCaseStartedId,\n          timestamp: start\n        }\n      });\n      if (messages.enabled) {\n        cy.task(constants_1.TASK_TEST_STEP_STARTED, hook.id, { log: false });\n      }\n      return cy.wrap(start, { log: false });\n    }).then((start) => {\n      registry2.runHook(this, hook);\n      return cy.wrap(start, { log: false });\n    }).then((start) => {\n      const end = createTimestamp();\n      messages.stack.push({\n        testStepFinished: {\n          testStepId: hook.id,\n          testCaseStartedId,\n          testStepResult: {\n            status: Status.Passed,\n            duration: duration(start, end)\n          },\n          timestamp: end\n        }\n      });\n      remainingSteps.shift();\n    });\n  } else if (step.pickleStep) {\n    window.testState.pickleStep = step.pickleStep;\n    const pickleStep = step.pickleStep;\n    const text = (0, assertions_1.assertAndReturn)(pickleStep.text, \"Expected pickle step to have a text\");\n    const scenarioStep = (0, assertions_1.assertAndReturn)(astIdMap.get((0, assertions_1.assertAndReturn)((_a2 = pickleStep.astNodeIds) === null || _a2 === void 0 ? void 0 : _a2[0], \"Expected to find at least one astNodeId\")), `Expected to find scenario step associated with id = ${(_b = pickleStep.astNodeIds) === null || _b === void 0 ? void 0 : _b[0]}`);\n    cy.then(() => {\n      Cypress.log({\n        name: \"step\",\n        displayName: (0, assertions_1.assertAndReturn)(\"keyword\" in scenarioStep && scenarioStep.keyword, \"Expected to find a keyword in the scenario step\"),\n        message: text\n      });\n    });\n    const argument = ((_c = pickleStep.argument) === null || _c === void 0 ? void 0 : _c.dataTable) ? new data_table_1.default(pickleStep.argument.dataTable) : ((_e = (_d = pickleStep.argument) === null || _d === void 0 ? void 0 : _d.docString) === null || _e === void 0 ? void 0 : _e.content) ? pickleStep.argument.docString.content : void 0;\n    cy.then(() => {\n      internalProperties.currentStep = { pickleStep };\n      const start = createTimestamp();\n      messages.stack.push({\n        testStepStarted: {\n          testStepId: pickleStep.id,\n          testCaseStartedId,\n          timestamp: start\n        }\n      });\n      if (messages.enabled) {\n        cy.task(constants_1.TASK_TEST_STEP_STARTED, pickleStep.id, { log: false });\n      }\n      return cy.wrap(start, { log: false });\n    }).then((start) => {\n      const ensureChain = (value) => Cypress.isCy(value) ? value : cy.wrap(value, { log: false });\n      try {\n        return ensureChain(registry2.runStepDefininition(this, text, argument)).then((result) => {\n          return {\n            start,\n            result\n          };\n        });\n      } catch (e) {\n        if (e instanceof registry_1.MissingDefinitionError) {\n          throw new Error(createMissingStepDefinitionMessage(context, text));\n        } else {\n          throw e;\n        }\n      }\n    }).then(({ start, result }) => {\n      var _a3, _b2, _c2;\n      const end = createTimestamp();\n      if (result === \"pending\") {\n        messages.stack.push({\n          testStepFinished: {\n            testStepId: pickleStep.id,\n            testCaseStartedId,\n            testStepResult: {\n              status: Status.Pending,\n              duration: duration(start, end)\n            },\n            timestamp: end\n          }\n        });\n        remainingSteps.shift();\n        for (const skippedStep of remainingSteps) {\n          const testStepId = (0, assertions_1.assertAndReturn)((_b2 = (_a3 = skippedStep.hook) === null || _a3 === void 0 ? void 0 : _a3.id) !== null && _b2 !== void 0 ? _b2 : (_c2 = skippedStep.pickleStep) === null || _c2 === void 0 ? void 0 : _c2.id, \"Expected a step to either be a hook or a pickleStep\");\n          messages.stack.push({\n            testStepStarted: {\n              testStepId,\n              testCaseStartedId,\n              timestamp: createTimestamp()\n            }\n          });\n          messages.stack.push({\n            testStepFinished: {\n              testStepId,\n              testCaseStartedId,\n              testStepResult: {\n                status: Status.Skipped,\n                duration: {\n                  seconds: 0,\n                  nanos: 0\n                }\n              },\n              timestamp: createTimestamp()\n            }\n          });\n        }\n        for (let i = 0, count = remainingSteps.length; i < count; i++) {\n          remainingSteps.pop();\n        }\n        this.skip();\n      } else {\n        messages.stack.push({\n          testStepFinished: {\n            testStepId: pickleStep.id,\n            testCaseStartedId,\n            testStepResult: {\n              status: Status.Passed,\n              duration: duration(start, end)\n            },\n            timestamp: end\n          }\n        });\n        remainingSteps.shift();\n      }\n    });\n  }\n}",
              "err": {},
              "uuid": "424a6944-fe68-4189-9fe8-feb5322aa54f",
              "parentUUID": "befbf901-7f42-448b-b6ee-efef43aed0f0",
              "isHook": false,
              "skipped": false
            },
            {
              "title": "Validates the response code from the page (example #2)",
              "fullTitle": "Health Checks Validates the response code from the page (example #2)",
              "timedOut": null,
              "duration": 1170,
              "state": "passed",
              "speed": "fast",
              "pass": true,
              "fail": false,
              "pending": false,
              "context": null,
              "code": "var _a2, _b, _c, _d, _e;\nconst { remainingSteps, testCaseStartedId } = retrieveInternalProperties();\n(0, registry_1.assignRegistry)(registry2);\nmessages.stack.push({\n  testCaseStarted: {\n    id: testCaseStartedId,\n    testCaseId,\n    attempt: attempt++,\n    timestamp: createTimestamp()\n  }\n});\nwindow.testState = {\n  gherkinDocument,\n  pickles,\n  pickle\n};\nfor (const step of steps) {\n  if (step.hook) {\n    delete window.testState.pickleStep;\n    const hook = step.hook;\n    cy.then(() => {\n      Cypress.log({\n        name: \"step\",\n        displayName: hook.keyword,\n        message: \"\"\n      });\n      const start = createTimestamp();\n      messages.stack.push({\n        testStepStarted: {\n          testStepId: hook.id,\n          testCaseStartedId,\n          timestamp: start\n        }\n      });\n      if (messages.enabled) {\n        cy.task(constants_1.TASK_TEST_STEP_STARTED, hook.id, { log: false });\n      }\n      return cy.wrap(start, { log: false });\n    }).then((start) => {\n      registry2.runHook(this, hook);\n      return cy.wrap(start, { log: false });\n    }).then((start) => {\n      const end = createTimestamp();\n      messages.stack.push({\n        testStepFinished: {\n          testStepId: hook.id,\n          testCaseStartedId,\n          testStepResult: {\n            status: Status.Passed,\n            duration: duration(start, end)\n          },\n          timestamp: end\n        }\n      });\n      remainingSteps.shift();\n    });\n  } else if (step.pickleStep) {\n    window.testState.pickleStep = step.pickleStep;\n    const pickleStep = step.pickleStep;\n    const text = (0, assertions_1.assertAndReturn)(pickleStep.text, \"Expected pickle step to have a text\");\n    const scenarioStep = (0, assertions_1.assertAndReturn)(astIdMap.get((0, assertions_1.assertAndReturn)((_a2 = pickleStep.astNodeIds) === null || _a2 === void 0 ? void 0 : _a2[0], \"Expected to find at least one astNodeId\")), `Expected to find scenario step associated with id = ${(_b = pickleStep.astNodeIds) === null || _b === void 0 ? void 0 : _b[0]}`);\n    cy.then(() => {\n      Cypress.log({\n        name: \"step\",\n        displayName: (0, assertions_1.assertAndReturn)(\"keyword\" in scenarioStep && scenarioStep.keyword, \"Expected to find a keyword in the scenario step\"),\n        message: text\n      });\n    });\n    const argument = ((_c = pickleStep.argument) === null || _c === void 0 ? void 0 : _c.dataTable) ? new data_table_1.default(pickleStep.argument.dataTable) : ((_e = (_d = pickleStep.argument) === null || _d === void 0 ? void 0 : _d.docString) === null || _e === void 0 ? void 0 : _e.content) ? pickleStep.argument.docString.content : void 0;\n    cy.then(() => {\n      internalProperties.currentStep = { pickleStep };\n      const start = createTimestamp();\n      messages.stack.push({\n        testStepStarted: {\n          testStepId: pickleStep.id,\n          testCaseStartedId,\n          timestamp: start\n        }\n      });\n      if (messages.enabled) {\n        cy.task(constants_1.TASK_TEST_STEP_STARTED, pickleStep.id, { log: false });\n      }\n      return cy.wrap(start, { log: false });\n    }).then((start) => {\n      const ensureChain = (value) => Cypress.isCy(value) ? value : cy.wrap(value, { log: false });\n      try {\n        return ensureChain(registry2.runStepDefininition(this, text, argument)).then((result) => {\n          return {\n            start,\n            result\n          };\n        });\n      } catch (e) {\n        if (e instanceof registry_1.MissingDefinitionError) {\n          throw new Error(createMissingStepDefinitionMessage(context, text));\n        } else {\n          throw e;\n        }\n      }\n    }).then(({ start, result }) => {\n      var _a3, _b2, _c2;\n      const end = createTimestamp();\n      if (result === \"pending\") {\n        messages.stack.push({\n          testStepFinished: {\n            testStepId: pickleStep.id,\n            testCaseStartedId,\n            testStepResult: {\n              status: Status.Pending,\n              duration: duration(start, end)\n            },\n            timestamp: end\n          }\n        });\n        remainingSteps.shift();\n        for (const skippedStep of remainingSteps) {\n          const testStepId = (0, assertions_1.assertAndReturn)((_b2 = (_a3 = skippedStep.hook) === null || _a3 === void 0 ? void 0 : _a3.id) !== null && _b2 !== void 0 ? _b2 : (_c2 = skippedStep.pickleStep) === null || _c2 === void 0 ? void 0 : _c2.id, \"Expected a step to either be a hook or a pickleStep\");\n          messages.stack.push({\n            testStepStarted: {\n              testStepId,\n              testCaseStartedId,\n              timestamp: createTimestamp()\n            }\n          });\n          messages.stack.push({\n            testStepFinished: {\n              testStepId,\n              testCaseStartedId,\n              testStepResult: {\n                status: Status.Skipped,\n                duration: {\n                  seconds: 0,\n                  nanos: 0\n                }\n              },\n              timestamp: createTimestamp()\n            }\n          });\n        }\n        for (let i = 0, count = remainingSteps.length; i < count; i++) {\n          remainingSteps.pop();\n        }\n        this.skip();\n      } else {\n        messages.stack.push({\n          testStepFinished: {\n            testStepId: pickleStep.id,\n            testCaseStartedId,\n            testStepResult: {\n              status: Status.Passed,\n              duration: duration(start, end)\n            },\n            timestamp: end\n          }\n        });\n        remainingSteps.shift();\n      }\n    });\n  }\n}",
              "err": {},
              "uuid": "27bdb9ca-64be-49c4-8a4f-1a3dbc1b0ff4",
              "parentUUID": "befbf901-7f42-448b-b6ee-efef43aed0f0",
              "isHook": false,
              "skipped": false
            },
            {
              "title": "Validates the response code from the page (example #3)",
              "fullTitle": "Health Checks Validates the response code from the page (example #3)",
              "timedOut": null,
              "duration": 4885,
              "state": "passed",
              "speed": "fast",
              "pass": true,
              "fail": false,
              "pending": false,
              "context": null,
              "code": "var _a2, _b, _c, _d, _e;\nconst { remainingSteps, testCaseStartedId } = retrieveInternalProperties();\n(0, registry_1.assignRegistry)(registry2);\nmessages.stack.push({\n  testCaseStarted: {\n    id: testCaseStartedId,\n    testCaseId,\n    attempt: attempt++,\n    timestamp: createTimestamp()\n  }\n});\nwindow.testState = {\n  gherkinDocument,\n  pickles,\n  pickle\n};\nfor (const step of steps) {\n  if (step.hook) {\n    delete window.testState.pickleStep;\n    const hook = step.hook;\n    cy.then(() => {\n      Cypress.log({\n        name: \"step\",\n        displayName: hook.keyword,\n        message: \"\"\n      });\n      const start = createTimestamp();\n      messages.stack.push({\n        testStepStarted: {\n          testStepId: hook.id,\n          testCaseStartedId,\n          timestamp: start\n        }\n      });\n      if (messages.enabled) {\n        cy.task(constants_1.TASK_TEST_STEP_STARTED, hook.id, { log: false });\n      }\n      return cy.wrap(start, { log: false });\n    }).then((start) => {\n      registry2.runHook(this, hook);\n      return cy.wrap(start, { log: false });\n    }).then((start) => {\n      const end = createTimestamp();\n      messages.stack.push({\n        testStepFinished: {\n          testStepId: hook.id,\n          testCaseStartedId,\n          testStepResult: {\n            status: Status.Passed,\n            duration: duration(start, end)\n          },\n          timestamp: end\n        }\n      });\n      remainingSteps.shift();\n    });\n  } else if (step.pickleStep) {\n    window.testState.pickleStep = step.pickleStep;\n    const pickleStep = step.pickleStep;\n    const text = (0, assertions_1.assertAndReturn)(pickleStep.text, \"Expected pickle step to have a text\");\n    const scenarioStep = (0, assertions_1.assertAndReturn)(astIdMap.get((0, assertions_1.assertAndReturn)((_a2 = pickleStep.astNodeIds) === null || _a2 === void 0 ? void 0 : _a2[0], \"Expected to find at least one astNodeId\")), `Expected to find scenario step associated with id = ${(_b = pickleStep.astNodeIds) === null || _b === void 0 ? void 0 : _b[0]}`);\n    cy.then(() => {\n      Cypress.log({\n        name: \"step\",\n        displayName: (0, assertions_1.assertAndReturn)(\"keyword\" in scenarioStep && scenarioStep.keyword, \"Expected to find a keyword in the scenario step\"),\n        message: text\n      });\n    });\n    const argument = ((_c = pickleStep.argument) === null || _c === void 0 ? void 0 : _c.dataTable) ? new data_table_1.default(pickleStep.argument.dataTable) : ((_e = (_d = pickleStep.argument) === null || _d === void 0 ? void 0 : _d.docString) === null || _e === void 0 ? void 0 : _e.content) ? pickleStep.argument.docString.content : void 0;\n    cy.then(() => {\n      internalProperties.currentStep = { pickleStep };\n      const start = createTimestamp();\n      messages.stack.push({\n        testStepStarted: {\n          testStepId: pickleStep.id,\n          testCaseStartedId,\n          timestamp: start\n        }\n      });\n      if (messages.enabled) {\n        cy.task(constants_1.TASK_TEST_STEP_STARTED, pickleStep.id, { log: false });\n      }\n      return cy.wrap(start, { log: false });\n    }).then((start) => {\n      const ensureChain = (value) => Cypress.isCy(value) ? value : cy.wrap(value, { log: false });\n      try {\n        return ensureChain(registry2.runStepDefininition(this, text, argument)).then((result) => {\n          return {\n            start,\n            result\n          };\n        });\n      } catch (e) {\n        if (e instanceof registry_1.MissingDefinitionError) {\n          throw new Error(createMissingStepDefinitionMessage(context, text));\n        } else {\n          throw e;\n        }\n      }\n    }).then(({ start, result }) => {\n      var _a3, _b2, _c2;\n      const end = createTimestamp();\n      if (result === \"pending\") {\n        messages.stack.push({\n          testStepFinished: {\n            testStepId: pickleStep.id,\n            testCaseStartedId,\n            testStepResult: {\n              status: Status.Pending,\n              duration: duration(start, end)\n            },\n            timestamp: end\n          }\n        });\n        remainingSteps.shift();\n        for (const skippedStep of remainingSteps) {\n          const testStepId = (0, assertions_1.assertAndReturn)((_b2 = (_a3 = skippedStep.hook) === null || _a3 === void 0 ? void 0 : _a3.id) !== null && _b2 !== void 0 ? _b2 : (_c2 = skippedStep.pickleStep) === null || _c2 === void 0 ? void 0 : _c2.id, \"Expected a step to either be a hook or a pickleStep\");\n          messages.stack.push({\n            testStepStarted: {\n              testStepId,\n              testCaseStartedId,\n              timestamp: createTimestamp()\n            }\n          });\n          messages.stack.push({\n            testStepFinished: {\n              testStepId,\n              testCaseStartedId,\n              testStepResult: {\n                status: Status.Skipped,\n                duration: {\n                  seconds: 0,\n                  nanos: 0\n                }\n              },\n              timestamp: createTimestamp()\n            }\n          });\n        }\n        for (let i = 0, count = remainingSteps.length; i < count; i++) {\n          remainingSteps.pop();\n        }\n        this.skip();\n      } else {\n        messages.stack.push({\n          testStepFinished: {\n            testStepId: pickleStep.id,\n            testCaseStartedId,\n            testStepResult: {\n              status: Status.Passed,\n              duration: duration(start, end)\n            },\n            timestamp: end\n          }\n        });\n        remainingSteps.shift();\n      }\n    });\n  }\n}",
              "err": {},
              "uuid": "99142baf-c770-4941-a5cb-984a55a03df6",
              "parentUUID": "befbf901-7f42-448b-b6ee-efef43aed0f0",
              "isHook": false,
              "skipped": false
            },
            {
              "title": "Checks all links on the page go to another live (non 4xx) page (example #1)",
              "fullTitle": "Health Checks Checks all links on the page go to another live (non 4xx) page (example #1)",
              "timedOut": null,
              "duration": 12662,
              "state": "passed",
              "speed": "slow",
              "pass": true,
              "fail": false,
              "pending": false,
              "context": null,
              "code": "var _a2, _b, _c, _d, _e;\nconst { remainingSteps, testCaseStartedId } = retrieveInternalProperties();\n(0, registry_1.assignRegistry)(registry2);\nmessages.stack.push({\n  testCaseStarted: {\n    id: testCaseStartedId,\n    testCaseId,\n    attempt: attempt++,\n    timestamp: createTimestamp()\n  }\n});\nwindow.testState = {\n  gherkinDocument,\n  pickles,\n  pickle\n};\nfor (const step of steps) {\n  if (step.hook) {\n    delete window.testState.pickleStep;\n    const hook = step.hook;\n    cy.then(() => {\n      Cypress.log({\n        name: \"step\",\n        displayName: hook.keyword,\n        message: \"\"\n      });\n      const start = createTimestamp();\n      messages.stack.push({\n        testStepStarted: {\n          testStepId: hook.id,\n          testCaseStartedId,\n          timestamp: start\n        }\n      });\n      if (messages.enabled) {\n        cy.task(constants_1.TASK_TEST_STEP_STARTED, hook.id, { log: false });\n      }\n      return cy.wrap(start, { log: false });\n    }).then((start) => {\n      registry2.runHook(this, hook);\n      return cy.wrap(start, { log: false });\n    }).then((start) => {\n      const end = createTimestamp();\n      messages.stack.push({\n        testStepFinished: {\n          testStepId: hook.id,\n          testCaseStartedId,\n          testStepResult: {\n            status: Status.Passed,\n            duration: duration(start, end)\n          },\n          timestamp: end\n        }\n      });\n      remainingSteps.shift();\n    });\n  } else if (step.pickleStep) {\n    window.testState.pickleStep = step.pickleStep;\n    const pickleStep = step.pickleStep;\n    const text = (0, assertions_1.assertAndReturn)(pickleStep.text, \"Expected pickle step to have a text\");\n    const scenarioStep = (0, assertions_1.assertAndReturn)(astIdMap.get((0, assertions_1.assertAndReturn)((_a2 = pickleStep.astNodeIds) === null || _a2 === void 0 ? void 0 : _a2[0], \"Expected to find at least one astNodeId\")), `Expected to find scenario step associated with id = ${(_b = pickleStep.astNodeIds) === null || _b === void 0 ? void 0 : _b[0]}`);\n    cy.then(() => {\n      Cypress.log({\n        name: \"step\",\n        displayName: (0, assertions_1.assertAndReturn)(\"keyword\" in scenarioStep && scenarioStep.keyword, \"Expected to find a keyword in the scenario step\"),\n        message: text\n      });\n    });\n    const argument = ((_c = pickleStep.argument) === null || _c === void 0 ? void 0 : _c.dataTable) ? new data_table_1.default(pickleStep.argument.dataTable) : ((_e = (_d = pickleStep.argument) === null || _d === void 0 ? void 0 : _d.docString) === null || _e === void 0 ? void 0 : _e.content) ? pickleStep.argument.docString.content : void 0;\n    cy.then(() => {\n      internalProperties.currentStep = { pickleStep };\n      const start = createTimestamp();\n      messages.stack.push({\n        testStepStarted: {\n          testStepId: pickleStep.id,\n          testCaseStartedId,\n          timestamp: start\n        }\n      });\n      if (messages.enabled) {\n        cy.task(constants_1.TASK_TEST_STEP_STARTED, pickleStep.id, { log: false });\n      }\n      return cy.wrap(start, { log: false });\n    }).then((start) => {\n      const ensureChain = (value) => Cypress.isCy(value) ? value : cy.wrap(value, { log: false });\n      try {\n        return ensureChain(registry2.runStepDefininition(this, text, argument)).then((result) => {\n          return {\n            start,\n            result\n          };\n        });\n      } catch (e) {\n        if (e instanceof registry_1.MissingDefinitionError) {\n          throw new Error(createMissingStepDefinitionMessage(context, text));\n        } else {\n          throw e;\n        }\n      }\n    }).then(({ start, result }) => {\n      var _a3, _b2, _c2;\n      const end = createTimestamp();\n      if (result === \"pending\") {\n        messages.stack.push({\n          testStepFinished: {\n            testStepId: pickleStep.id,\n            testCaseStartedId,\n            testStepResult: {\n              status: Status.Pending,\n              duration: duration(start, end)\n            },\n            timestamp: end\n          }\n        });\n        remainingSteps.shift();\n        for (const skippedStep of remainingSteps) {\n          const testStepId = (0, assertions_1.assertAndReturn)((_b2 = (_a3 = skippedStep.hook) === null || _a3 === void 0 ? void 0 : _a3.id) !== null && _b2 !== void 0 ? _b2 : (_c2 = skippedStep.pickleStep) === null || _c2 === void 0 ? void 0 : _c2.id, \"Expected a step to either be a hook or a pickleStep\");\n          messages.stack.push({\n            testStepStarted: {\n              testStepId,\n              testCaseStartedId,\n              timestamp: createTimestamp()\n            }\n          });\n          messages.stack.push({\n            testStepFinished: {\n              testStepId,\n              testCaseStartedId,\n              testStepResult: {\n                status: Status.Skipped,\n                duration: {\n                  seconds: 0,\n                  nanos: 0\n                }\n              },\n              timestamp: createTimestamp()\n            }\n          });\n        }\n        for (let i = 0, count = remainingSteps.length; i < count; i++) {\n          remainingSteps.pop();\n        }\n        this.skip();\n      } else {\n        messages.stack.push({\n          testStepFinished: {\n            testStepId: pickleStep.id,\n            testCaseStartedId,\n            testStepResult: {\n              status: Status.Passed,\n              duration: duration(start, end)\n            },\n            timestamp: end\n          }\n        });\n        remainingSteps.shift();\n      }\n    });\n  }\n}",
              "err": {},
              "uuid": "8195a04d-dc97-4f9d-89c1-af97f5c68e08",
              "parentUUID": "befbf901-7f42-448b-b6ee-efef43aed0f0",
              "isHook": false,
              "skipped": false
            },
            {
              "title": "Checks all links on the page go to another live (non 4xx) page (example #2)",
              "fullTitle": "Health Checks Checks all links on the page go to another live (non 4xx) page (example #2)",
              "timedOut": null,
              "duration": 15820,
              "state": "passed",
              "speed": "slow",
              "pass": true,
              "fail": false,
              "pending": false,
              "context": null,
              "code": "var _a2, _b, _c, _d, _e;\nconst { remainingSteps, testCaseStartedId } = retrieveInternalProperties();\n(0, registry_1.assignRegistry)(registry2);\nmessages.stack.push({\n  testCaseStarted: {\n    id: testCaseStartedId,\n    testCaseId,\n    attempt: attempt++,\n    timestamp: createTimestamp()\n  }\n});\nwindow.testState = {\n  gherkinDocument,\n  pickles,\n  pickle\n};\nfor (const step of steps) {\n  if (step.hook) {\n    delete window.testState.pickleStep;\n    const hook = step.hook;\n    cy.then(() => {\n      Cypress.log({\n        name: \"step\",\n        displayName: hook.keyword,\n        message: \"\"\n      });\n      const start = createTimestamp();\n      messages.stack.push({\n        testStepStarted: {\n          testStepId: hook.id,\n          testCaseStartedId,\n          timestamp: start\n        }\n      });\n      if (messages.enabled) {\n        cy.task(constants_1.TASK_TEST_STEP_STARTED, hook.id, { log: false });\n      }\n      return cy.wrap(start, { log: false });\n    }).then((start) => {\n      registry2.runHook(this, hook);\n      return cy.wrap(start, { log: false });\n    }).then((start) => {\n      const end = createTimestamp();\n      messages.stack.push({\n        testStepFinished: {\n          testStepId: hook.id,\n          testCaseStartedId,\n          testStepResult: {\n            status: Status.Passed,\n            duration: duration(start, end)\n          },\n          timestamp: end\n        }\n      });\n      remainingSteps.shift();\n    });\n  } else if (step.pickleStep) {\n    window.testState.pickleStep = step.pickleStep;\n    const pickleStep = step.pickleStep;\n    const text = (0, assertions_1.assertAndReturn)(pickleStep.text, \"Expected pickle step to have a text\");\n    const scenarioStep = (0, assertions_1.assertAndReturn)(astIdMap.get((0, assertions_1.assertAndReturn)((_a2 = pickleStep.astNodeIds) === null || _a2 === void 0 ? void 0 : _a2[0], \"Expected to find at least one astNodeId\")), `Expected to find scenario step associated with id = ${(_b = pickleStep.astNodeIds) === null || _b === void 0 ? void 0 : _b[0]}`);\n    cy.then(() => {\n      Cypress.log({\n        name: \"step\",\n        displayName: (0, assertions_1.assertAndReturn)(\"keyword\" in scenarioStep && scenarioStep.keyword, \"Expected to find a keyword in the scenario step\"),\n        message: text\n      });\n    });\n    const argument = ((_c = pickleStep.argument) === null || _c === void 0 ? void 0 : _c.dataTable) ? new data_table_1.default(pickleStep.argument.dataTable) : ((_e = (_d = pickleStep.argument) === null || _d === void 0 ? void 0 : _d.docString) === null || _e === void 0 ? void 0 : _e.content) ? pickleStep.argument.docString.content : void 0;\n    cy.then(() => {\n      internalProperties.currentStep = { pickleStep };\n      const start = createTimestamp();\n      messages.stack.push({\n        testStepStarted: {\n          testStepId: pickleStep.id,\n          testCaseStartedId,\n          timestamp: start\n        }\n      });\n      if (messages.enabled) {\n        cy.task(constants_1.TASK_TEST_STEP_STARTED, pickleStep.id, { log: false });\n      }\n      return cy.wrap(start, { log: false });\n    }).then((start) => {\n      const ensureChain = (value) => Cypress.isCy(value) ? value : cy.wrap(value, { log: false });\n      try {\n        return ensureChain(registry2.runStepDefininition(this, text, argument)).then((result) => {\n          return {\n            start,\n            result\n          };\n        });\n      } catch (e) {\n        if (e instanceof registry_1.MissingDefinitionError) {\n          throw new Error(createMissingStepDefinitionMessage(context, text));\n        } else {\n          throw e;\n        }\n      }\n    }).then(({ start, result }) => {\n      var _a3, _b2, _c2;\n      const end = createTimestamp();\n      if (result === \"pending\") {\n        messages.stack.push({\n          testStepFinished: {\n            testStepId: pickleStep.id,\n            testCaseStartedId,\n            testStepResult: {\n              status: Status.Pending,\n              duration: duration(start, end)\n            },\n            timestamp: end\n          }\n        });\n        remainingSteps.shift();\n        for (const skippedStep of remainingSteps) {\n          const testStepId = (0, assertions_1.assertAndReturn)((_b2 = (_a3 = skippedStep.hook) === null || _a3 === void 0 ? void 0 : _a3.id) !== null && _b2 !== void 0 ? _b2 : (_c2 = skippedStep.pickleStep) === null || _c2 === void 0 ? void 0 : _c2.id, \"Expected a step to either be a hook or a pickleStep\");\n          messages.stack.push({\n            testStepStarted: {\n              testStepId,\n              testCaseStartedId,\n              timestamp: createTimestamp()\n            }\n          });\n          messages.stack.push({\n            testStepFinished: {\n              testStepId,\n              testCaseStartedId,\n              testStepResult: {\n                status: Status.Skipped,\n                duration: {\n                  seconds: 0,\n                  nanos: 0\n                }\n              },\n              timestamp: createTimestamp()\n            }\n          });\n        }\n        for (let i = 0, count = remainingSteps.length; i < count; i++) {\n          remainingSteps.pop();\n        }\n        this.skip();\n      } else {\n        messages.stack.push({\n          testStepFinished: {\n            testStepId: pickleStep.id,\n            testCaseStartedId,\n            testStepResult: {\n              status: Status.Passed,\n              duration: duration(start, end)\n            },\n            timestamp: end\n          }\n        });\n        remainingSteps.shift();\n      }\n    });\n  }\n}",
              "err": {},
              "uuid": "13ebfdde-842d-4da9-a4fd-f1225a945648",
              "parentUUID": "befbf901-7f42-448b-b6ee-efef43aed0f0",
              "isHook": false,
              "skipped": false
            },
            {
              "title": "Checks all links on the page go to another live (non 4xx) page (example #3)",
              "fullTitle": "Health Checks Checks all links on the page go to another live (non 4xx) page (example #3)",
              "timedOut": null,
              "duration": 40762,
              "state": "passed",
              "speed": "slow",
              "pass": true,
              "fail": false,
              "pending": false,
              "context": null,
              "code": "var _a2, _b, _c, _d, _e;\nconst { remainingSteps, testCaseStartedId } = retrieveInternalProperties();\n(0, registry_1.assignRegistry)(registry2);\nmessages.stack.push({\n  testCaseStarted: {\n    id: testCaseStartedId,\n    testCaseId,\n    attempt: attempt++,\n    timestamp: createTimestamp()\n  }\n});\nwindow.testState = {\n  gherkinDocument,\n  pickles,\n  pickle\n};\nfor (const step of steps) {\n  if (step.hook) {\n    delete window.testState.pickleStep;\n    const hook = step.hook;\n    cy.then(() => {\n      Cypress.log({\n        name: \"step\",\n        displayName: hook.keyword,\n        message: \"\"\n      });\n      const start = createTimestamp();\n      messages.stack.push({\n        testStepStarted: {\n          testStepId: hook.id,\n          testCaseStartedId,\n          timestamp: start\n        }\n      });\n      if (messages.enabled) {\n        cy.task(constants_1.TASK_TEST_STEP_STARTED, hook.id, { log: false });\n      }\n      return cy.wrap(start, { log: false });\n    }).then((start) => {\n      registry2.runHook(this, hook);\n      return cy.wrap(start, { log: false });\n    }).then((start) => {\n      const end = createTimestamp();\n      messages.stack.push({\n        testStepFinished: {\n          testStepId: hook.id,\n          testCaseStartedId,\n          testStepResult: {\n            status: Status.Passed,\n            duration: duration(start, end)\n          },\n          timestamp: end\n        }\n      });\n      remainingSteps.shift();\n    });\n  } else if (step.pickleStep) {\n    window.testState.pickleStep = step.pickleStep;\n    const pickleStep = step.pickleStep;\n    const text = (0, assertions_1.assertAndReturn)(pickleStep.text, \"Expected pickle step to have a text\");\n    const scenarioStep = (0, assertions_1.assertAndReturn)(astIdMap.get((0, assertions_1.assertAndReturn)((_a2 = pickleStep.astNodeIds) === null || _a2 === void 0 ? void 0 : _a2[0], \"Expected to find at least one astNodeId\")), `Expected to find scenario step associated with id = ${(_b = pickleStep.astNodeIds) === null || _b === void 0 ? void 0 : _b[0]}`);\n    cy.then(() => {\n      Cypress.log({\n        name: \"step\",\n        displayName: (0, assertions_1.assertAndReturn)(\"keyword\" in scenarioStep && scenarioStep.keyword, \"Expected to find a keyword in the scenario step\"),\n        message: text\n      });\n    });\n    const argument = ((_c = pickleStep.argument) === null || _c === void 0 ? void 0 : _c.dataTable) ? new data_table_1.default(pickleStep.argument.dataTable) : ((_e = (_d = pickleStep.argument) === null || _d === void 0 ? void 0 : _d.docString) === null || _e === void 0 ? void 0 : _e.content) ? pickleStep.argument.docString.content : void 0;\n    cy.then(() => {\n      internalProperties.currentStep = { pickleStep };\n      const start = createTimestamp();\n      messages.stack.push({\n        testStepStarted: {\n          testStepId: pickleStep.id,\n          testCaseStartedId,\n          timestamp: start\n        }\n      });\n      if (messages.enabled) {\n        cy.task(constants_1.TASK_TEST_STEP_STARTED, pickleStep.id, { log: false });\n      }\n      return cy.wrap(start, { log: false });\n    }).then((start) => {\n      const ensureChain = (value) => Cypress.isCy(value) ? value : cy.wrap(value, { log: false });\n      try {\n        return ensureChain(registry2.runStepDefininition(this, text, argument)).then((result) => {\n          return {\n            start,\n            result\n          };\n        });\n      } catch (e) {\n        if (e instanceof registry_1.MissingDefinitionError) {\n          throw new Error(createMissingStepDefinitionMessage(context, text));\n        } else {\n          throw e;\n        }\n      }\n    }).then(({ start, result }) => {\n      var _a3, _b2, _c2;\n      const end = createTimestamp();\n      if (result === \"pending\") {\n        messages.stack.push({\n          testStepFinished: {\n            testStepId: pickleStep.id,\n            testCaseStartedId,\n            testStepResult: {\n              status: Status.Pending,\n              duration: duration(start, end)\n            },\n            timestamp: end\n          }\n        });\n        remainingSteps.shift();\n        for (const skippedStep of remainingSteps) {\n          const testStepId = (0, assertions_1.assertAndReturn)((_b2 = (_a3 = skippedStep.hook) === null || _a3 === void 0 ? void 0 : _a3.id) !== null && _b2 !== void 0 ? _b2 : (_c2 = skippedStep.pickleStep) === null || _c2 === void 0 ? void 0 : _c2.id, \"Expected a step to either be a hook or a pickleStep\");\n          messages.stack.push({\n            testStepStarted: {\n              testStepId,\n              testCaseStartedId,\n              timestamp: createTimestamp()\n            }\n          });\n          messages.stack.push({\n            testStepFinished: {\n              testStepId,\n              testCaseStartedId,\n              testStepResult: {\n                status: Status.Skipped,\n                duration: {\n                  seconds: 0,\n                  nanos: 0\n                }\n              },\n              timestamp: createTimestamp()\n            }\n          });\n        }\n        for (let i = 0, count = remainingSteps.length; i < count; i++) {\n          remainingSteps.pop();\n        }\n        this.skip();\n      } else {\n        messages.stack.push({\n          testStepFinished: {\n            testStepId: pickleStep.id,\n            testCaseStartedId,\n            testStepResult: {\n              status: Status.Passed,\n              duration: duration(start, end)\n            },\n            timestamp: end\n          }\n        });\n        remainingSteps.shift();\n      }\n    });\n  }\n}",
              "err": {},
              "uuid": "fdd742b3-8fce-40f6-a425-1a6b0854cc40",
              "parentUUID": "befbf901-7f42-448b-b6ee-efef43aed0f0",
              "isHook": false,
              "skipped": false
            }
          ],
          "suites": [],
          "passes": [
            "11d22323-15ad-431f-922f-09b5cde17095",
            "a166afe8-2e8f-41cd-8332-11a088cef0e9",
            "8b3caa33-c02b-4bb3-a98d-0fe6752cb6b1",
            "424a6944-fe68-4189-9fe8-feb5322aa54f",
            "27bdb9ca-64be-49c4-8a4f-1a3dbc1b0ff4",
            "99142baf-c770-4941-a5cb-984a55a03df6",
            "8195a04d-dc97-4f9d-89c1-af97f5c68e08",
            "13ebfdde-842d-4da9-a4fd-f1225a945648",
            "fdd742b3-8fce-40f6-a425-1a6b0854cc40"
          ],
          "failures": [],
          "pending": [],
          "skipped": [],
          "duration": 81008,
          "root": false,
          "rootEmpty": false,
          "_timeout": 2000
        }
      ],
      "passes": [],
      "failures": [],
      "pending": [],
      "skipped": [],
      "duration": 0,
      "root": true,
      "rootEmpty": true,
      "_timeout": 2000
    },
    {
      "uuid": "9a28342d-d97b-4459-b585-774c75d4ed22",
      "title": "",
      "fullFile": "cypress/e2e/features/W3HealthCheck.feature",
      "file": "cypress/e2e/features/W3HealthCheck.feature",
      "beforeHooks": [],
      "afterHooks": [],
      "tests": [],
      "suites": [
        {
          "uuid": "66e3b8af-918c-4f9c-8809-29d7031d1faf",
          "title": "Health Checks",
          "fullFile": "",
          "file": "",
          "beforeHooks": [],
          "afterHooks": [],
          "tests": [
            {
              "title": "Checks there are no console errors on page loads (example #1)",
              "fullTitle": "Health Checks Checks there are no console errors on page loads (example #1)",
              "timedOut": null,
              "duration": 2311,
              "state": "passed",
              "speed": "fast",
              "pass": true,
              "fail": false,
              "pending": false,
              "context": null,
              "code": "var _a2, _b, _c, _d, _e;\nconst { remainingSteps, testCaseStartedId } = retrieveInternalProperties();\n(0, registry_1.assignRegistry)(registry2);\nmessages.stack.push({\n  testCaseStarted: {\n    id: testCaseStartedId,\n    testCaseId,\n    attempt: attempt++,\n    timestamp: createTimestamp()\n  }\n});\nwindow.testState = {\n  gherkinDocument,\n  pickles,\n  pickle\n};\nfor (const step of steps) {\n  if (step.hook) {\n    delete window.testState.pickleStep;\n    const hook = step.hook;\n    cy.then(() => {\n      Cypress.log({\n        name: \"step\",\n        displayName: hook.keyword,\n        message: \"\"\n      });\n      const start = createTimestamp();\n      messages.stack.push({\n        testStepStarted: {\n          testStepId: hook.id,\n          testCaseStartedId,\n          timestamp: start\n        }\n      });\n      if (messages.enabled) {\n        cy.task(constants_1.TASK_TEST_STEP_STARTED, hook.id, { log: false });\n      }\n      return cy.wrap(start, { log: false });\n    }).then((start) => {\n      registry2.runHook(this, hook);\n      return cy.wrap(start, { log: false });\n    }).then((start) => {\n      const end = createTimestamp();\n      messages.stack.push({\n        testStepFinished: {\n          testStepId: hook.id,\n          testCaseStartedId,\n          testStepResult: {\n            status: Status.Passed,\n            duration: duration(start, end)\n          },\n          timestamp: end\n        }\n      });\n      remainingSteps.shift();\n    });\n  } else if (step.pickleStep) {\n    window.testState.pickleStep = step.pickleStep;\n    const pickleStep = step.pickleStep;\n    const text = (0, assertions_1.assertAndReturn)(pickleStep.text, \"Expected pickle step to have a text\");\n    const scenarioStep = (0, assertions_1.assertAndReturn)(astIdMap.get((0, assertions_1.assertAndReturn)((_a2 = pickleStep.astNodeIds) === null || _a2 === void 0 ? void 0 : _a2[0], \"Expected to find at least one astNodeId\")), `Expected to find scenario step associated with id = ${(_b = pickleStep.astNodeIds) === null || _b === void 0 ? void 0 : _b[0]}`);\n    cy.then(() => {\n      Cypress.log({\n        name: \"step\",\n        displayName: (0, assertions_1.assertAndReturn)(\"keyword\" in scenarioStep && scenarioStep.keyword, \"Expected to find a keyword in the scenario step\"),\n        message: text\n      });\n    });\n    const argument = ((_c = pickleStep.argument) === null || _c === void 0 ? void 0 : _c.dataTable) ? new data_table_1.default(pickleStep.argument.dataTable) : ((_e = (_d = pickleStep.argument) === null || _d === void 0 ? void 0 : _d.docString) === null || _e === void 0 ? void 0 : _e.content) ? pickleStep.argument.docString.content : void 0;\n    cy.then(() => {\n      internalProperties.currentStep = { pickleStep };\n      const start = createTimestamp();\n      messages.stack.push({\n        testStepStarted: {\n          testStepId: pickleStep.id,\n          testCaseStartedId,\n          timestamp: start\n        }\n      });\n      if (messages.enabled) {\n        cy.task(constants_1.TASK_TEST_STEP_STARTED, pickleStep.id, { log: false });\n      }\n      return cy.wrap(start, { log: false });\n    }).then((start) => {\n      const ensureChain = (value) => Cypress.isCy(value) ? value : cy.wrap(value, { log: false });\n      try {\n        return ensureChain(registry2.runStepDefininition(this, text, argument)).then((result) => {\n          return {\n            start,\n            result\n          };\n        });\n      } catch (e) {\n        if (e instanceof registry_1.MissingDefinitionError) {\n          throw new Error(createMissingStepDefinitionMessage(context, text));\n        } else {\n          throw e;\n        }\n      }\n    }).then(({ start, result }) => {\n      var _a3, _b2, _c2;\n      const end = createTimestamp();\n      if (result === \"pending\") {\n        messages.stack.push({\n          testStepFinished: {\n            testStepId: pickleStep.id,\n            testCaseStartedId,\n            testStepResult: {\n              status: Status.Pending,\n              duration: duration(start, end)\n            },\n            timestamp: end\n          }\n        });\n        remainingSteps.shift();\n        for (const skippedStep of remainingSteps) {\n          const testStepId = (0, assertions_1.assertAndReturn)((_b2 = (_a3 = skippedStep.hook) === null || _a3 === void 0 ? void 0 : _a3.id) !== null && _b2 !== void 0 ? _b2 : (_c2 = skippedStep.pickleStep) === null || _c2 === void 0 ? void 0 : _c2.id, \"Expected a step to either be a hook or a pickleStep\");\n          messages.stack.push({\n            testStepStarted: {\n              testStepId,\n              testCaseStartedId,\n              timestamp: createTimestamp()\n            }\n          });\n          messages.stack.push({\n            testStepFinished: {\n              testStepId,\n              testCaseStartedId,\n              testStepResult: {\n                status: Status.Skipped,\n                duration: {\n                  seconds: 0,\n                  nanos: 0\n                }\n              },\n              timestamp: createTimestamp()\n            }\n          });\n        }\n        for (let i = 0, count = remainingSteps.length; i < count; i++) {\n          remainingSteps.pop();\n        }\n        this.skip();\n      } else {\n        messages.stack.push({\n          testStepFinished: {\n            testStepId: pickleStep.id,\n            testCaseStartedId,\n            testStepResult: {\n              status: Status.Passed,\n              duration: duration(start, end)\n            },\n            timestamp: end\n          }\n        });\n        remainingSteps.shift();\n      }\n    });\n  }\n}",
              "err": {},
              "uuid": "f48ecd3d-e09f-494f-b85d-d6c13d2de59d",
              "parentUUID": "66e3b8af-918c-4f9c-8809-29d7031d1faf",
              "isHook": false,
              "skipped": false
            },
            {
              "title": "Checks there are no console errors on page loads (example #2)",
              "fullTitle": "Health Checks Checks there are no console errors on page loads (example #2)",
              "timedOut": null,
              "duration": 795,
              "state": "passed",
              "speed": "fast",
              "pass": true,
              "fail": false,
              "pending": false,
              "context": null,
              "code": "var _a2, _b, _c, _d, _e;\nconst { remainingSteps, testCaseStartedId } = retrieveInternalProperties();\n(0, registry_1.assignRegistry)(registry2);\nmessages.stack.push({\n  testCaseStarted: {\n    id: testCaseStartedId,\n    testCaseId,\n    attempt: attempt++,\n    timestamp: createTimestamp()\n  }\n});\nwindow.testState = {\n  gherkinDocument,\n  pickles,\n  pickle\n};\nfor (const step of steps) {\n  if (step.hook) {\n    delete window.testState.pickleStep;\n    const hook = step.hook;\n    cy.then(() => {\n      Cypress.log({\n        name: \"step\",\n        displayName: hook.keyword,\n        message: \"\"\n      });\n      const start = createTimestamp();\n      messages.stack.push({\n        testStepStarted: {\n          testStepId: hook.id,\n          testCaseStartedId,\n          timestamp: start\n        }\n      });\n      if (messages.enabled) {\n        cy.task(constants_1.TASK_TEST_STEP_STARTED, hook.id, { log: false });\n      }\n      return cy.wrap(start, { log: false });\n    }).then((start) => {\n      registry2.runHook(this, hook);\n      return cy.wrap(start, { log: false });\n    }).then((start) => {\n      const end = createTimestamp();\n      messages.stack.push({\n        testStepFinished: {\n          testStepId: hook.id,\n          testCaseStartedId,\n          testStepResult: {\n            status: Status.Passed,\n            duration: duration(start, end)\n          },\n          timestamp: end\n        }\n      });\n      remainingSteps.shift();\n    });\n  } else if (step.pickleStep) {\n    window.testState.pickleStep = step.pickleStep;\n    const pickleStep = step.pickleStep;\n    const text = (0, assertions_1.assertAndReturn)(pickleStep.text, \"Expected pickle step to have a text\");\n    const scenarioStep = (0, assertions_1.assertAndReturn)(astIdMap.get((0, assertions_1.assertAndReturn)((_a2 = pickleStep.astNodeIds) === null || _a2 === void 0 ? void 0 : _a2[0], \"Expected to find at least one astNodeId\")), `Expected to find scenario step associated with id = ${(_b = pickleStep.astNodeIds) === null || _b === void 0 ? void 0 : _b[0]}`);\n    cy.then(() => {\n      Cypress.log({\n        name: \"step\",\n        displayName: (0, assertions_1.assertAndReturn)(\"keyword\" in scenarioStep && scenarioStep.keyword, \"Expected to find a keyword in the scenario step\"),\n        message: text\n      });\n    });\n    const argument = ((_c = pickleStep.argument) === null || _c === void 0 ? void 0 : _c.dataTable) ? new data_table_1.default(pickleStep.argument.dataTable) : ((_e = (_d = pickleStep.argument) === null || _d === void 0 ? void 0 : _d.docString) === null || _e === void 0 ? void 0 : _e.content) ? pickleStep.argument.docString.content : void 0;\n    cy.then(() => {\n      internalProperties.currentStep = { pickleStep };\n      const start = createTimestamp();\n      messages.stack.push({\n        testStepStarted: {\n          testStepId: pickleStep.id,\n          testCaseStartedId,\n          timestamp: start\n        }\n      });\n      if (messages.enabled) {\n        cy.task(constants_1.TASK_TEST_STEP_STARTED, pickleStep.id, { log: false });\n      }\n      return cy.wrap(start, { log: false });\n    }).then((start) => {\n      const ensureChain = (value) => Cypress.isCy(value) ? value : cy.wrap(value, { log: false });\n      try {\n        return ensureChain(registry2.runStepDefininition(this, text, argument)).then((result) => {\n          return {\n            start,\n            result\n          };\n        });\n      } catch (e) {\n        if (e instanceof registry_1.MissingDefinitionError) {\n          throw new Error(createMissingStepDefinitionMessage(context, text));\n        } else {\n          throw e;\n        }\n      }\n    }).then(({ start, result }) => {\n      var _a3, _b2, _c2;\n      const end = createTimestamp();\n      if (result === \"pending\") {\n        messages.stack.push({\n          testStepFinished: {\n            testStepId: pickleStep.id,\n            testCaseStartedId,\n            testStepResult: {\n              status: Status.Pending,\n              duration: duration(start, end)\n            },\n            timestamp: end\n          }\n        });\n        remainingSteps.shift();\n        for (const skippedStep of remainingSteps) {\n          const testStepId = (0, assertions_1.assertAndReturn)((_b2 = (_a3 = skippedStep.hook) === null || _a3 === void 0 ? void 0 : _a3.id) !== null && _b2 !== void 0 ? _b2 : (_c2 = skippedStep.pickleStep) === null || _c2 === void 0 ? void 0 : _c2.id, \"Expected a step to either be a hook or a pickleStep\");\n          messages.stack.push({\n            testStepStarted: {\n              testStepId,\n              testCaseStartedId,\n              timestamp: createTimestamp()\n            }\n          });\n          messages.stack.push({\n            testStepFinished: {\n              testStepId,\n              testCaseStartedId,\n              testStepResult: {\n                status: Status.Skipped,\n                duration: {\n                  seconds: 0,\n                  nanos: 0\n                }\n              },\n              timestamp: createTimestamp()\n            }\n          });\n        }\n        for (let i = 0, count = remainingSteps.length; i < count; i++) {\n          remainingSteps.pop();\n        }\n        this.skip();\n      } else {\n        messages.stack.push({\n          testStepFinished: {\n            testStepId: pickleStep.id,\n            testCaseStartedId,\n            testStepResult: {\n              status: Status.Passed,\n              duration: duration(start, end)\n            },\n            timestamp: end\n          }\n        });\n        remainingSteps.shift();\n      }\n    });\n  }\n}",
              "err": {},
              "uuid": "7e45bcb3-3abc-4bf8-99ad-7f09213d5b08",
              "parentUUID": "66e3b8af-918c-4f9c-8809-29d7031d1faf",
              "isHook": false,
              "skipped": false
            },
            {
              "title": "Checks there are no console errors on page loads (example #3)",
              "fullTitle": "Health Checks Checks there are no console errors on page loads (example #3)",
              "timedOut": null,
              "duration": 791,
              "state": "passed",
              "speed": "fast",
              "pass": true,
              "fail": false,
              "pending": false,
              "context": null,
              "code": "var _a2, _b, _c, _d, _e;\nconst { remainingSteps, testCaseStartedId } = retrieveInternalProperties();\n(0, registry_1.assignRegistry)(registry2);\nmessages.stack.push({\n  testCaseStarted: {\n    id: testCaseStartedId,\n    testCaseId,\n    attempt: attempt++,\n    timestamp: createTimestamp()\n  }\n});\nwindow.testState = {\n  gherkinDocument,\n  pickles,\n  pickle\n};\nfor (const step of steps) {\n  if (step.hook) {\n    delete window.testState.pickleStep;\n    const hook = step.hook;\n    cy.then(() => {\n      Cypress.log({\n        name: \"step\",\n        displayName: hook.keyword,\n        message: \"\"\n      });\n      const start = createTimestamp();\n      messages.stack.push({\n        testStepStarted: {\n          testStepId: hook.id,\n          testCaseStartedId,\n          timestamp: start\n        }\n      });\n      if (messages.enabled) {\n        cy.task(constants_1.TASK_TEST_STEP_STARTED, hook.id, { log: false });\n      }\n      return cy.wrap(start, { log: false });\n    }).then((start) => {\n      registry2.runHook(this, hook);\n      return cy.wrap(start, { log: false });\n    }).then((start) => {\n      const end = createTimestamp();\n      messages.stack.push({\n        testStepFinished: {\n          testStepId: hook.id,\n          testCaseStartedId,\n          testStepResult: {\n            status: Status.Passed,\n            duration: duration(start, end)\n          },\n          timestamp: end\n        }\n      });\n      remainingSteps.shift();\n    });\n  } else if (step.pickleStep) {\n    window.testState.pickleStep = step.pickleStep;\n    const pickleStep = step.pickleStep;\n    const text = (0, assertions_1.assertAndReturn)(pickleStep.text, \"Expected pickle step to have a text\");\n    const scenarioStep = (0, assertions_1.assertAndReturn)(astIdMap.get((0, assertions_1.assertAndReturn)((_a2 = pickleStep.astNodeIds) === null || _a2 === void 0 ? void 0 : _a2[0], \"Expected to find at least one astNodeId\")), `Expected to find scenario step associated with id = ${(_b = pickleStep.astNodeIds) === null || _b === void 0 ? void 0 : _b[0]}`);\n    cy.then(() => {\n      Cypress.log({\n        name: \"step\",\n        displayName: (0, assertions_1.assertAndReturn)(\"keyword\" in scenarioStep && scenarioStep.keyword, \"Expected to find a keyword in the scenario step\"),\n        message: text\n      });\n    });\n    const argument = ((_c = pickleStep.argument) === null || _c === void 0 ? void 0 : _c.dataTable) ? new data_table_1.default(pickleStep.argument.dataTable) : ((_e = (_d = pickleStep.argument) === null || _d === void 0 ? void 0 : _d.docString) === null || _e === void 0 ? void 0 : _e.content) ? pickleStep.argument.docString.content : void 0;\n    cy.then(() => {\n      internalProperties.currentStep = { pickleStep };\n      const start = createTimestamp();\n      messages.stack.push({\n        testStepStarted: {\n          testStepId: pickleStep.id,\n          testCaseStartedId,\n          timestamp: start\n        }\n      });\n      if (messages.enabled) {\n        cy.task(constants_1.TASK_TEST_STEP_STARTED, pickleStep.id, { log: false });\n      }\n      return cy.wrap(start, { log: false });\n    }).then((start) => {\n      const ensureChain = (value) => Cypress.isCy(value) ? value : cy.wrap(value, { log: false });\n      try {\n        return ensureChain(registry2.runStepDefininition(this, text, argument)).then((result) => {\n          return {\n            start,\n            result\n          };\n        });\n      } catch (e) {\n        if (e instanceof registry_1.MissingDefinitionError) {\n          throw new Error(createMissingStepDefinitionMessage(context, text));\n        } else {\n          throw e;\n        }\n      }\n    }).then(({ start, result }) => {\n      var _a3, _b2, _c2;\n      const end = createTimestamp();\n      if (result === \"pending\") {\n        messages.stack.push({\n          testStepFinished: {\n            testStepId: pickleStep.id,\n            testCaseStartedId,\n            testStepResult: {\n              status: Status.Pending,\n              duration: duration(start, end)\n            },\n            timestamp: end\n          }\n        });\n        remainingSteps.shift();\n        for (const skippedStep of remainingSteps) {\n          const testStepId = (0, assertions_1.assertAndReturn)((_b2 = (_a3 = skippedStep.hook) === null || _a3 === void 0 ? void 0 : _a3.id) !== null && _b2 !== void 0 ? _b2 : (_c2 = skippedStep.pickleStep) === null || _c2 === void 0 ? void 0 : _c2.id, \"Expected a step to either be a hook or a pickleStep\");\n          messages.stack.push({\n            testStepStarted: {\n              testStepId,\n              testCaseStartedId,\n              timestamp: createTimestamp()\n            }\n          });\n          messages.stack.push({\n            testStepFinished: {\n              testStepId,\n              testCaseStartedId,\n              testStepResult: {\n                status: Status.Skipped,\n                duration: {\n                  seconds: 0,\n                  nanos: 0\n                }\n              },\n              timestamp: createTimestamp()\n            }\n          });\n        }\n        for (let i = 0, count = remainingSteps.length; i < count; i++) {\n          remainingSteps.pop();\n        }\n        this.skip();\n      } else {\n        messages.stack.push({\n          testStepFinished: {\n            testStepId: pickleStep.id,\n            testCaseStartedId,\n            testStepResult: {\n              status: Status.Passed,\n              duration: duration(start, end)\n            },\n            timestamp: end\n          }\n        });\n        remainingSteps.shift();\n      }\n    });\n  }\n}",
              "err": {},
              "uuid": "2134346a-fd3e-4296-93ac-6033a7e3a35c",
              "parentUUID": "66e3b8af-918c-4f9c-8809-29d7031d1faf",
              "isHook": false,
              "skipped": false
            },
            {
              "title": "Validates the response code from the page (example #1)",
              "fullTitle": "Health Checks Validates the response code from the page (example #1)",
[...]
tep.hook;\n    cy.then(() => {\n      Cypress.log({\n        name: \"step\",\n        displayName: hook.keyword,\n        message: \"\"\n      });\n      const start = createTimestamp();\n      messages.stack.push({\n        testStepStarted: {\n          testStepId: hook.id,\n          testCaseStartedId,\n          timestamp: start\n        }\n      });\n      if (messages.enabled) {\n        cy.task(constants_1.TASK_TEST_STEP_STARTED, hook.id, { log: false });\n      }\n      return cy.wrap(start, { log: false });\n    }).then((start) => {\n      registry2.runHook(this, hook);\n      return cy.wrap(start, { log: false });\n    }).then((start) => {\n      const end = createTimestamp();\n      messages.stack.push({\n        testStepFinished: {\n          testStepId: hook.id,\n          testCaseStartedId,\n          testStepResult: {\n            status: Status.Passed,\n            duration: duration(start, end)\n          },\n          timestamp: end\n        }\n      });\n      remainingSteps.shift();\n    });\n  } else if (step.pickleStep) {\n    window.testState.pickleStep = step.pickleStep;\n    const pickleStep = step.pickleStep;\n    const text = (0, assertions_1.assertAndReturn)(pickleStep.text, \"Expected pickle step to have a text\");\n    const scenarioStep = (0, assertions_1.assertAndReturn)(astIdMap.get((0, assertions_1.assertAndReturn)((_a2 = pickleStep.astNodeIds) === null || _a2 === void 0 ? void 0 : _a2[0], \"Expected to find at least one astNodeId\")), `Expected to find scenario step associated with id = ${(_b = pickleStep.astNodeIds) === null || _b === void 0 ? void 0 : _b[0]}`);\n    cy.then(() => {\n      Cypress.log({\n        name: \"step\",\n        displayName: (0, assertions_1.assertAndReturn)(\"keyword\" in scenarioStep && scenarioStep.keyword, \"Expected to find a keyword in the scenario step\"),\n        message: text\n      });\n    });\n    const argument = ((_c = pickleStep.argument) === null || _c === void 0 ? void 0 : _c.dataTable) ? new data_table_1.default(pickleStep.argument.dataTable) : ((_e = (_d = pickleStep.argument) === null || _d === void 0 ? void 0 : _d.docString) === null || _e === void 0 ? void 0 : _e.content) ? pickleStep.argument.docString.content : void 0;\n    cy.then(() => {\n      internalProperties.currentStep = { pickleStep };\n      const start = createTimestamp();\n      messages.stack.push({\n        testStepStarted: {\n          testStepId: pickleStep.id,\n          testCaseStartedId,\n          timestamp: start\n        }\n      });\n      if (messages.enabled) {\n        cy.task(constants_1.TASK_TEST_STEP_STARTED, pickleStep.id, { log: false });\n      }\n      return cy.wrap(start, { log: false });\n    }).then((start) => {\n      const ensureChain = (value) => Cypress.isCy(value) ? value : cy.wrap(value, { log: false });\n      try {\n        return ensureChain(registry2.runStepDefininition(this, text, argument)).then((result) => {\n          return {\n            start,\n            result\n          };\n        });\n      } catch (e) {\n        if (e instanceof registry_1.MissingDefinitionError) {\n          throw new Error(createMissingStepDefinitionMessage(context, text));\n        } else {\n          throw e;\n        }\n      }\n    }).then(({ start, result }) => {\n      var _a3, _b2, _c2;\n      const end = createTimestamp();\n      if (result === \"pending\") {\n        messages.stack.push({\n          testStepFinished: {\n            testStepId: pickleStep.id,\n            testCaseStartedId,\n            testStepResult: {\n              status: Status.Pending,\n              duration: duration(start, end)\n            },\n            timestamp: end\n          }\n        });\n        remainingSteps.shift();\n        for (const skippedStep of remainingSteps) {\n          const testStepId = (0, assertions_1.assertAndReturn)((_b2 = (_a3 = skippedStep.hook) === null || _a3 === void 0 ? void 0 : _a3.id) !== null && _b2 !== void 0 ? _b2 : (_c2 = skippedStep.pickleStep) === null || _c2 === void 0 ? void 0 : _c2.id, \"Expected a step to either be a hook or a pickleStep\");\n          messages.stack.push({\n            testStepStarted: {\n              testStepId,\n              testCaseStartedId,\n              timestamp: createTimestamp()\n            }\n          });\n          messages.stack.push({\n            testStepFinished: {\n              testStepId,\n              testCaseStartedId,\n              testStepResult: {\n                status: Status.Skipped,\n                duration: {\n                  seconds: 0,\n                  nanos: 0\n                }\n              },\n              timestamp: createTimestamp()\n            }\n          });\n        }\n        for (let i = 0, count = remainingSteps.length; i < count; i++) {\n          remainingSteps.pop();\n        }\n        this.skip();\n      } else {\n        messages.stack.push({\n          testStepFinished: {\n            testStepId: pickleStep.id,\n            testCaseStartedId,\n            testStepResult: {\n              status: Status.Passed,\n              duration: duration(start, end)\n            },\n            timestamp: end\n          }\n        });\n        remainingSteps.shift();\n      }\n    });\n  }\n}",
              "err": {},
              "uuid": "4a75c442-0a62-4459-b468-878c62ac9f38",
              "parentUUID": "66e3b8af-918c-4f9c-8809-29d7031d1faf",
              "isHook": false,
              "skipped": false
            },
            {
              "title": "Checks all links on the page go to another live (non 4xx) page (example #2)",
              "fullTitle": "Health Checks Checks all links on the page go to another live (non 4xx) page (example #2)",
              "timedOut": null,
              "duration": 16084,
              "state": "passed",
              "speed": "slow",
              "pass": true,
              "fail": false,
              "pending": false,
              "context": null,
              "code": "var _a2, _b, _c, _d, _e;\nconst { remainingSteps, testCaseStartedId } = retrieveInternalProperties();\n(0, registry_1.assignRegistry)(registry2);\nmessages.stack.push({\n  testCaseStarted: {\n    id: testCaseStartedId,\n    testCaseId,\n    attempt: attempt++,\n    timestamp: createTimestamp()\n  }\n});\nwindow.testState = {\n  gherkinDocument,\n  pickles,\n  pickle\n};\nfor (const step of steps) {\n  if (step.hook) {\n    delete window.testState.pickleStep;\n    const hook = step.hook;\n    cy.then(() => {\n      Cypress.log({\n        name: \"step\",\n        displayName: hook.keyword,\n        message: \"\"\n      });\n      const start = createTimestamp();\n      messages.stack.push({\n        testStepStarted: {\n          testStepId: hook.id,\n          testCaseStartedId,\n          timestamp: start\n        }\n      });\n      if (messages.enabled) {\n        cy.task(constants_1.TASK_TEST_STEP_STARTED, hook.id, { log: false });\n      }\n      return cy.wrap(start, { log: false });\n    }).then((start) => {\n      registry2.runHook(this, hook);\n      return cy.wrap(start, { log: false });\n    }).then((start) => {\n      const end = createTimestamp();\n      messages.stack.push({\n        testStepFinished: {\n          testStepId: hook.id,\n          testCaseStartedId,\n          testStepResult: {\n            status: Status.Passed,\n            duration: duration(start, end)\n          },\n          timestamp: end\n        }\n      });\n      remainingSteps.shift();\n    });\n  } else if (step.pickleStep) {\n    window.testState.pickleStep = step.pickleStep;\n    const pickleStep = step.pickleStep;\n    const text = (0, assertions_1.assertAndReturn)(pickleStep.text, \"Expected pickle step to have a text\");\n    const scenarioStep = (0, assertions_1.assertAndReturn)(astIdMap.get((0, assertions_1.assertAndReturn)((_a2 = pickleStep.astNodeIds) === null || _a2 === void 0 ? void 0 : _a2[0], \"Expected to find at least one astNodeId\")), `Expected to find scenario step associated with id = ${(_b = pickleStep.astNodeIds) === null || _b === void 0 ? void 0 : _b[0]}`);\n    cy.then(() => {\n      Cypress.log({\n        name: \"step\",\n        displayName: (0, assertions_1.assertAndReturn)(\"keyword\" in scenarioStep && scenarioStep.keyword, \"Expected to find a keyword in the scenario step\"),\n        message: text\n      });\n    });\n    const argument = ((_c = pickleStep.argument) === null || _c === void 0 ? void 0 : _c.dataTable) ? new data_table_1.default(pickleStep.argument.dataTable) : ((_e = (_d = pickleStep.argument) === null || _d === void 0 ? void 0 : _d.docString) === null || _e === void 0 ? void 0 : _e.content) ? pickleStep.argument.docString.content : void 0;\n    cy.then(() => {\n      internalProperties.currentStep = { pickleStep };\n      const start = createTimestamp();\n      messages.stack.push({\n        testStepStarted: {\n          testStepId: pickleStep.id,\n          testCaseStartedId,\n          timestamp: start\n        }\n      });\n      if (messages.enabled) {\n        cy.task(constants_1.TASK_TEST_STEP_STARTED, pickleStep.id, { log: false });\n      }\n      return cy.wrap(start, { log: false });\n    }).then((start) => {\n      const ensureChain = (value) => Cypress.isCy(value) ? value : cy.wrap(value, { log: false });\n      try {\n        return ensureChain(registry2.runStepDefininition(this, text, argument)).then((result) => {\n          return {\n            start,\n            result\n          };\n        });\n      } catch (e) {\n        if (e instanceof registry_1.MissingDefinitionError) {\n          throw new Error(createMissingStepDefinitionMessage(context, text));\n        } else {\n          throw e;\n        }\n      }\n    }).then(({ start, result }) => {\n      var _a3, _b2, _c2;\n      const end = createTimestamp();\n      if (result === \"pending\") {\n        messages.stack.push({\n          testStepFinished: {\n            testStepId: pickleStep.id,\n            testCaseStartedId,\n            testStepResult: {\n              status: Status.Pending,\n              duration: duration(start, end)\n            },\n            timestamp: end\n          }\n        });\n        remainingSteps.shift();\n        for (const skippedStep of remainingSteps) {\n          const testStepId = (0, assertions_1.assertAndReturn)((_b2 = (_a3 = skippedStep.hook) === null || _a3 === void 0 ? void 0 : _a3.id) !== null && _b2 !== void 0 ? _b2 : (_c2 = skippedStep.pickleStep) === null || _c2 === void 0 ? void 0 : _c2.id, \"Expected a step to either be a hook or a pickleStep\");\n          messages.stack.push({\n            testStepStarted: {\n              testStepId,\n              testCaseStartedId,\n              timestamp: createTimestamp()\n            }\n          });\n          messages.stack.push({\n            testStepFinished: {\n              testStepId,\n              testCaseStartedId,\n              testStepResult: {\n                status: Status.Skipped,\n                duration: {\n                  seconds: 0,\n                  nanos: 0\n                }\n              },\n              timestamp: createTimestamp()\n            }\n          });\n        }\n        for (let i = 0, count = remainingSteps.length; i < count; i++) {\n          remainingSteps.pop();\n        }\n        this.skip();\n      } else {\n        messages.stack.push({\n          testStepFinished: {\n            testStepId: pickleStep.id,\n            testCaseStartedId,\n            testStepResult: {\n              status: Status.Passed,\n              duration: duration(start, end)\n            },\n            timestamp: end\n          }\n        });\n        remainingSteps.shift();\n      }\n    });\n  }\n}",
              "err": {},
              "uuid": "e05bb44e-a9e1-422d-bf22-137c85386b8c",
              "parentUUID": "66e3b8af-918c-4f9c-8809-29d7031d1faf",
              "isHook": false,
              "skipped": false
            },
            {
              "title": "Checks all links on the page go to another live (non 4xx) page (example #3)",
              "fullTitle": "Health Checks Checks all links on the page go to another live (non 4xx) page (example #3)",
              "timedOut": null,
              "duration": 45328,
              "state": "passed",
              "speed": "slow",
              "pass": true,
              "fail": false,
              "pending": false,
              "context": null,
              "code": "var _a2, _b, _c, _d, _e;\nconst { remainingSteps, testCaseStartedId } = retrieveInternalProperties();\n(0, registry_1.assignRegistry)(registry2);\nmessages.stack.push({\n  testCaseStarted: {\n    id: testCaseStartedId,\n    testCaseId,\n    attempt: attempt++,\n    timestamp: createTimestamp()\n  }\n});\nwindow.testState = {\n  gherkinDocument,\n  pickles,\n  pickle\n};\nfor (const step of steps) {\n  if (step.hook) {\n    delete window.testState.pickleStep;\n    const hook = step.hook;\n    cy.then(() => {\n      Cypress.log({\n        name: \"step\",\n        displayName: hook.keyword,\n        message: \"\"\n      });\n      const start = createTimestamp();\n      messages.stack.push({\n        testStepStarted: {\n          testStepId: hook.id,\n          testCaseStartedId,\n          timestamp: start\n        }\n      });\n      if (messages.enabled) {\n        cy.task(constants_1.TASK_TEST_STEP_STARTED, hook.id, { log: false });\n      }\n      return cy.wrap(start, { log: false });\n    }).then((start) => {\n      registry2.runHook(this, hook);\n      return cy.wrap(start, { log: false });\n    }).then((start) => {\n      const end = createTimestamp();\n      messages.stack.push({\n        testStepFinished: {\n          testStepId: hook.id,\n          testCaseStartedId,\n          testStepResult: {\n            status: Status.Passed,\n            duration: duration(start, end)\n          },\n          timestamp: end\n        }\n      });\n      remainingSteps.shift();\n    });\n  } else if (step.pickleStep) {\n    window.testState.pickleStep = step.pickleStep;\n    const pickleStep = step.pickleStep;\n    const text = (0, assertions_1.assertAndReturn)(pickleStep.text, \"Expected pickle step to have a text\");\n    const scenarioStep = (0, assertions_1.assertAndReturn)(astIdMap.get((0, assertions_1.assertAndReturn)((_a2 = pickleStep.astNodeIds) === null || _a2 === void 0 ? void 0 : _a2[0], \"Expected to find at least one astNodeId\")), `Expected to find scenario step associated with id = ${(_b = pickleStep.astNodeIds) === null || _b === void 0 ? void 0 : _b[0]}`);\n    cy.then(() => {\n      Cypress.log({\n        name: \"step\",\n        displayName: (0, assertions_1.assertAndReturn)(\"keyword\" in scenarioStep && scenarioStep.keyword, \"Expected to find a keyword in the scenario step\"),\n        message: text\n      });\n    });\n    const argument = ((_c = pickleStep.argument) === null || _c === void 0 ? void 0 : _c.dataTable) ? new data_table_1.default(pickleStep.argument.dataTable) : ((_e = (_d = pickleStep.argument) === null || _d === void 0 ? void 0 : _d.docString) === null || _e === void 0 ? void 0 : _e.content) ? pickleStep.argument.docString.content : void 0;\n    cy.then(() => {\n      internalProperties.currentStep = { pickleStep };\n      const start = createTimestamp();\n      messages.stack.push({\n        testStepStarted: {\n          testStepId: pickleStep.id,\n          testCaseStartedId,\n          timestamp: start\n        }\n      });\n      if (messages.enabled) {\n        cy.task(constants_1.TASK_TEST_STEP_STARTED, pickleStep.id, { log: false });\n      }\n      return cy.wrap(start, { log: false });\n    }).then((start) => {\n      const ensureChain = (value) => Cypress.isCy(value) ? value : cy.wrap(value, { log: false });\n      try {\n        return ensureChain(registry2.runStepDefininition(this, text, argument)).then((result) => {\n          return {\n            start,\n            result\n          };\n        });\n      } catch (e) {\n        if (e instanceof registry_1.MissingDefinitionError) {\n          throw new Error(createMissingStepDefinitionMessage(context, text));\n        } else {\n          throw e;\n        }\n      }\n    }).then(({ start, result }) => {\n      var _a3, _b2, _c2;\n      const end = createTimestamp();\n      if (result === \"pending\") {\n        messages.stack.push({\n          testStepFinished: {\n            testStepId: pickleStep.id,\n            testCaseStartedId,\n            testStepResult: {\n              status: Status.Pending,\n              duration: duration(start, end)\n            },\n            timestamp: end\n          }\n        });\n        remainingSteps.shift();\n        for (const skippedStep of remainingSteps) {\n          const testStepId = (0, assertions_1.assertAndReturn)((_b2 = (_a3 = skippedStep.hook) === null || _a3 === void 0 ? void 0 : _a3.id) !== null && _b2 !== void 0 ? _b2 : (_c2 = skippedStep.pickleStep) === null || _c2 === void 0 ? void 0 : _c2.id, \"Expected a step to either be a hook or a pickleStep\");\n          messages.stack.push({\n            testStepStarted: {\n              testStepId,\n              testCaseStartedId,\n              timestamp: createTimestamp()\n            }\n          });\n          messages.stack.push({\n            testStepFinished: {\n              testStepId,\n              testCaseStartedId,\n              testStepResult: {\n                status: Status.Skipped,\n                duration: {\n                  seconds: 0,\n                  nanos: 0\n                }\n              },\n              timestamp: createTimestamp()\n            }\n          });\n        }\n        for (let i = 0, count = remainingSteps.length; i < count; i++) {\n          remainingSteps.pop();\n        }\n        this.skip();\n      } else {\n        messages.stack.push({\n          testStepFinished: {\n            testStepId: pickleStep.id,\n            testCaseStartedId,\n            testStepResult: {\n              status: Status.Passed,\n              duration: duration(start, end)\n            },\n            timestamp: end\n          }\n        });\n        remainingSteps.shift();\n      }\n    });\n  }\n}",
              "err": {},
              "uuid": "83cbc7d7-3231-4ba9-a1f7-5465f3610ddd",
              "parentUUID": "66e3b8af-918c-4f9c-8809-29d7031d1faf",
              "isHook": false,
              "skipped": false
            }
          ],
          "suites": [],
          "passes": [
            "f48ecd3d-e09f-494f-b85d-d6c13d2de59d",
            "7e45bcb3-3abc-4bf8-99ad-7f09213d5b08",
            "2134346a-fd3e-4296-93ac-6033a7e3a35c",
            "c5e5f097-71ef-4c6b-bbdc-9613d52e6e8f",
            "64a0f70a-58bc-4ff0-ae66-0239d7b0aae6",
            "a7757068-934a-4ebe-901f-3aa1820cc46c",
            "4a75c442-0a62-4459-b468-878c62ac9f38",
            "e05bb44e-a9e1-422d-bf22-137c85386b8c",
            "83cbc7d7-3231-4ba9-a1f7-5465f3610ddd"
          ],
          "failures": [],
          "pending": [],
          "skipped": [],
          "duration": 87089,
          "root": false,
          "rootEmpty": false,
          "_timeout": 2000
        }
      ],
      "passes": [],
      "failures": [],
      "pending": [],
      "skipped": [],
      "duration": 0,
      "root": true,
      "rootEmpty": true,
      "_timeout": 2000
    }
  ],
  "meta": {
    "mocha": {
      "version": "7.0.1"
    },
    "mochawesome": {
      "options": {
        "quiet": false,
        "reportFilename": "mochawesome",
        "saveHtml": false,
        "saveJson": true,
        "consoleReporter": "spec",
        "useInlineDiffs": false,
        "code": true
      },
      "version": "7.1.3"
    },
    "marge": {
      "options": {
        "inlineAssets": true,
        "saveAllAttempts": false,
        "html": false,
        "reportDir": "cypress/reports/mochawesome-report/.jsons",
        "overwrite": false,
        "json": true
      },
      "version": "6.2.0"
    }
  }
}