{
  "stats": {
    "suites": 4,
    "tests": 3,
    "passes": 3,
    "pending": 0,
    "failures": 0,
    "start": "2022-08-24T18:53:13.296Z",
    "end": "2022-08-24T18:53:17.088Z",
    "duration": 3792,
    "testsRegistered": 3,
    "passPercent": 100,
    "pendingPercent": 0,
    "other": 0,
    "hasOther": false,
    "skipped": 0,
    "hasSkipped": false
  },
  "results": [
    {
      "uuid": "222a870a-c3b0-43cf-a308-15eea87cb254",
      "title": "",
      "fullFile": "cypress/e2e/w3Tests.cy.js",
      "file": "cypress/e2e/w3Tests.cy.js",
      "beforeHooks": [],
      "afterHooks": [],
      "tests": [],
      "suites": [
        {
          "uuid": "0955d152-8072-4d65-815b-04d38d80bfea",
          "title": "It tests several pages on the W3 website",
          "fullFile": "",
          "file": "",
          "beforeHooks": [],
          "afterHooks": [],
          "tests": [],
          "suites": [
            {
              "uuid": "58e8bc6f-b9f4-4026-826c-351697c183fa",
              "title": "It tests the badpage page on the W3 website",
              "fullFile": "",
              "file": "",
              "beforeHooks": [],
              "afterHooks": [],
              "tests": [
                {
                  "title": "Checks there are no console errors on page load",
                  "fullTitle": "It tests several pages on the W3 website It tests the badpage page on the W3 website Checks there are no console errors on page load",
                  "timedOut": null,
                  "duration": 2065,
                  "state": "passed",
                  "speed": "fast",
                  "pass": true,
                  "fail": false,
                  "pending": false,
                  "context": null,
                  "code": "",
                  "err": {},
                  "uuid": "5ec7f238-2e04-465e-a9ae-2b24aa901b95",
                  "parentUUID": "58e8bc6f-b9f4-4026-826c-351697c183fa",
                  "isHook": false,
                  "skipped": false
                }
              ],
              "suites": [],
              "passes": [
                "5ec7f238-2e04-465e-a9ae-2b24aa901b95"
              ],
              "failures": [],
              "pending": [],
              "skipped": [],
              "duration": 2065,
              "root": false,
              "rootEmpty": false,
              "_timeout": 2000
            },
            {
              "uuid": "0b4fd4dd-eccb-4a8f-8f67-4c63be743249",
              "title": "It tests the webofdevices/multimodal page on the W3 website",
              "fullFile": "",
              "file": "",
              "beforeHooks": [],
              "afterHooks": [],
              "tests": [
                {
                  "title": "Checks there are no console errors on page load",
                  "fullTitle": "It tests several pages on the W3 website It tests the webofdevices/multimodal page on the W3 website Checks there are no console errors on page load",
                  "timedOut": null,
                  "duration": 1038,
                  "state": "passed",
                  "speed": "fast",
                  "pass": true,
                  "fail": false,
                  "pending": false,
                  "context": null,
                  "code": "",
                  "err": {},
                  "uuid": "305cf408-5a1e-4cac-8a1d-add9581422b3",
                  "parentUUID": "0b4fd4dd-eccb-4a8f-8f67-4c63be743249",
                  "isHook": false,
                  "skipped": false
                }
              ],
              "suites": [],
              "passes": [
                "305cf408-5a1e-4cac-8a1d-add9581422b3"
              ],
              "failures": [],
              "pending": [],
              "skipped": [],
              "duration": 1038,
              "root": false,
              "rootEmpty": false,
              "_timeout": 2000
            },
            {
              "uuid": "e6da7aaf-4492-45cf-9f16-7293028ed6f5",
              "title": "It tests the webdesign/htmlcss page on the W3 website",
              "fullFile": "",
              "file": "",
              "beforeHooks": [],
              "afterHooks": [],
              "tests": [
                {
                  "title": "Checks there are no console errors on page load",
                  "fullTitle": "It tests several pages on the W3 website It tests the webdesign/htmlcss page on the W3 website Checks there are no console errors on page load",
                  "timedOut": null,
                  "duration": 515,
                  "state": "passed",
                  "speed": "fast",
                  "pass": true,
                  "fail": false,
                  "pending": false,
                  "context": null,
                  "code": "",
                  "err": {},
                  "uuid": "06528a2b-a961-4569-aea8-cff8c58bcefc",
                  "parentUUID": "e6da7aaf-4492-45cf-9f16-7293028ed6f5",
                  "isHook": false,
                  "skipped": false
                }
              ],
              "suites": [],
              "passes": [
                "06528a2b-a961-4569-aea8-cff8c58bcefc"
              ],
              "failures": [],
              "pending": [],
              "skipped": [],
              "duration": 515,
              "root": false,
              "rootEmpty": false,
              "_timeout": 2000
            }
          ],
          "passes": [],
          "failures": [],
          "pending": [],
          "skipped": [],
          "duration": 0,
          "root": false,
          "rootEmpty": false,
          "_timeout": 2000
        }
      ],
      "passes": [],
      "failures": [],
      "pending": [],
      "skipped": [],
      "duration": 0,
      "root": true,
      "rootEmpty": true,
      "_timeout": 2000
    }
  ],
  "meta": {
    "mocha": {
      "version": "7.0.1"
    },
    "mochawesome": {
      "options": {
        "quiet": false,
        "reportFilename": "mochawesome",
        "saveHtml": false,
        "saveJson": true,
        "consoleReporter": "spec",
        "useInlineDiffs": false,
        "code": true
      },
      "version": "7.1.3"
    },
    "marge": {
      "options": {
        "reportPageTitle": "custom-title",
        "embeddedScreenshots": true,
        "inlineAssets": true,
        "saveAllAttempts": false,
        "reportDir": "cypress/reports/mochawesome-report/.jsons",
        "overwrite": false,
        "html": false,
        "json": true
      },
      "version": "6.2.0"
    }
  }
}